Ld    3.0
Ls    3.0
Rd    1.0
Rs    1.0
atol    1e-9
m_N    12
m_end    1e2
m_start    1e-3
mode_d    TE011
mode_s    TE011
rtol    1e-6
sep    1e-4

m    overlap 
------------------------------------------------------------------------------

0.0010000000000000002  4.419976632303528e-19
0.002848035868435802  8.282412241151714e-17
0.008111308307896872  1.5519828269775753e-14
0.0231012970008316  2.908214651360019e-12
0.0657933224657568  5.450655231960333e-10
0.18738174228603854  1.0231410850429604e-07
0.5336699231206309  1.944175399829818e-05
1.5199110829529348  0.004071957984289535
4.328761281083057  0.5000453007255935
12.328467394420668  0.14636695923082135
35.111917342151365  0.14197741626589133
100.00000000000004  0.1417640511112996
