atol    1e-9
length    0.002
m_N    1
m_end    150
m_start    150
mode    TE011
omega    1.570801e+03
phi_N    1
phi_end    0.0
phi_start    0.0
r_N    3
r_end    1.2000001
r_start    0.0
radius    1.0
rtol    1e-3
z_N    1
z_end    1e-3
z_start    1e-3

m    r    phi    z    Re[j_r]    error_Re[j_r]    Im[j_r]    error_Im[j_r]    Re[j_phi]    error_Re[j_phi]    Im[j_phi]    error_Im[j_phi]    Re[j_z]    error_Re[j_z]    Im[j_z]    error_Im[j_z]  
------------------------------------------------------------------------------

149.99999999999997  0  0  0.001  -3.9226266308228634e-14  -3.2856407400689283e-13  4.579667190233804e-14  -4.4531696889166047e-13  -9.720229695521916e-15  -4.545630881967024e-13  1.7587342141903766e-13  -4.353616170994768e-13  -0  -0  -0  -0  
149.99999999999997  0.60000005  0  0.001  2.2302926656230833e-11  -1.2803299286574415e-10  -6.415352005190491e-11  -1.7063358671882804e-10  -0.0026494535904415853  -0.012135675950594595  -0.1958314815506341  -0.00013050531121803832  -0  -0  -0  -0  
149.99999999999997  1.2000001  0  0.001  -3.343304755616957e-12  -1.0876191349403055e-10  1.8089551802457762e-11  -1.1973546947617356e-10  -3.937140476451438e-05  -1.9825406412161357e-06  7.737394735741968e-06  -2.123438280657664e-06  -0  -0  -0  -0  
