Ld    3.0
Ls    3.0
Rd    1.0
Rs    1.0
atol    1e-9
m_N    12
m_end    1e2
m_start    1e-3
mode_d    TM010
mode_s    TM010
rtol    1e-6
sep    1e-4

m    overlap 
------------------------------------------------------------------------------

0.0010000000000000002  2.3329497107852437e-07
0.002848035868435802  1.8923311064764343e-06
0.008111308307896872  1.5349522134293312e-05
0.0231012970008316  0.00012452057412713652
0.0657933224657568  0.0010110698078673295
0.18738174228603854  0.008270409396233492
0.5336699231206309  0.0719093776409783
1.5199110829529348  1.0268041978379958
4.328761281083057  0.3357075458507134
12.328467394420668  0.0324820112698166
35.111917342151365  0.0039032683278517923
100.00000000000004  0.00047739206318459204
