atol    1e-9
length    1.0
m_N    2
m_end    9.90991
m_start    2.47748
mode    TE011
omega    4.954955e+00
phi_N    1
phi_end    0.0
phi_start    0.0
r_N    100
r_end    1.0000001
r_start    0.0
radius    1.0
rtol    1e-6
z_N    1
z_end    1e-4
z_start    1e-4

m    r    phi    z    Re[j_r]    error_Re[j_r]    Im[j_r]    error_Im[j_r]    Re[j_phi]    error_Re[j_phi]    Im[j_phi]    error_Im[j_phi]    Re[j_z]    error_Re[j_z]    Im[j_z]    error_Im[j_z]  
------------------------------------------------------------------------------

2.47748  0  0  0.0001  -7.331264228531857e-18  -1.4283197085607256e-15  -3.9825918759079487e-17  -1.2154053766038124e-14  8.487920664330385e-18  -1.4518597733594065e-15  -6.333217994713599e-17  -1.2352521404543461e-14  -0  -0  -0  -0  
2.47748  0.010101011111111112  0  0.0001  -9.041942729874875e-18  -1.424037379730166e-15  -4.213879048412206e-17  -1.2152089893957127e-14  -0.007209769660154506  -4.345074941660247e-09  0.023784293009451653  -6.580739472341675e-12  -0  -0  -0  -0  
2.47748  0.020202022222222223  0  0.0001  -7.462988961068339e-18  -1.4204410982696307e-15  -5.635372735352268e-17  -1.2143540268052202e-14  -0.014427151052412825  -3.906617450554039e-09  0.04753716553501393  -1.6710333899233755e-09  -0  -0  -0  -0  
2.47748  0.030303033333333333  0  0.0001  -8.066472503918229e-18  -1.417371951299285e-15  -2.827615121496984e-17  -1.2128437903694807e-14  -0.021659725566002805  -7.687223808522025e-08  0.0712272425516373  -1.2130616331203001e-08  -0  -0  -0  -0  
2.47748  0.04040404444444445  0  0.0001  -9.784730584118674e-19  -1.4755567677417516e-15  -4.324744746443833e-17  -1.2106814488228214e-14  -0.028915014294053323  -1.9372841497312624e-08  0.09482323988256423  -1.2242999456278201e-14  -0  -0  -0  -0  
2.47748  0.05050505555555556  0  0.0001  -1.753597340155769e-17  -1.6096632351171808e-15  -2.189091524644357e-17  -1.2078627176525932e-14  -0.036200446374254965  -9.425040592201216e-08  0.1182940094501147  -1.2260995578899842e-14  -0  -0  -0  -0  
2.47748  0.060606066666666666  0  0.0001  2.9901620889949703e-18  -1.759114383493101e-15  -5.698210654788574e-17  -1.2043952713119864e-14  -0.043523332652660576  -1.9951188615032164e-07  0.14160858431874945  -1.228283974331884e-14  -0  -0  -0  -0  
2.47748  0.07070707777777778  0  0.0001  -2.32949403629491e-17  -1.965701714066754e-15  -2.173174996917527e-19  -1.200286289357085e-14  -0.05089083040742524  -5.144017911528293e-08  0.16473622346167704  -1.2308442679047366e-14  -0  -0  -0  -0  
2.47748  0.0808080888888889  0  0.0001  -4.6597999073090806e-18  -2.1724037358299153e-15  -4.351066598505401e-17  -1.1955224962984498e-14  -0.058309920827744  -1.9609075448994393e-07  0.1876464561827135  -1.2337700222451666e-14  -0  -0  -0  -0  
2.47748  0.09090909999999999  0  0.0001  -1.0354289464351988e-17  -2.3786809240924093e-15  -5.932918301016036e-17  -1.1901289244547886e-14  -0.06578737459079526  -2.5066375617105746e-08  0.2103091261256462  -1.2370493633677385e-14  -0  -0  -0  -0  
2.47748  0.10101011111111112  0  0.0001  5.796011977663101e-18  -2.5851495276781488e-15  -4.049859931541729e-17  -1.1841133799170032e-14  -0.07332972624923256  -1.1200266021484066e-08  0.23269443480400684  -1.821187905183494e-14  -0  -0  -0  -0  
2.47748  0.11111112222222223  0  0.0001  -1.779493121249393e-17  -2.7908564518269975e-15  -4.8566334089119914e-17  -1.1774703080690994e-14  -0.08094324579731371  -1.1456545728469554e-07  0.2547729845849253  -4.0330921670368176e-08  -0  -0  -0  -0  
2.47748  0.12121213333333333  0  0.0001  -2.4369004354589034e-17  -2.9958474682459153e-15  -4.354158535325316e-17  -1.1702033485219568e-14  -0.0886339115639114  -4.4214074016839066e-08  0.2765158210615113  -1.6329214717410877e-13  -0  -0  -0  -0  
2.47748  0.13131314444444445  0  0.0001  3.6762810164578505e-18  -3.199795684077949e-15  -2.6383088723848994e-17  -1.1623292138280197e-14  -0.09640738377563307  -1.1688917652739161e-08  0.2978944747494959  -3.6402678021966726e-13  -0  -0  -0  -0  
2.47748  0.14141415555555556  0  0.0001  -2.8656916942293996e-17  -3.402508026465364e-15  -3.5077269342855527e-17  -1.1538705807996868e-14  -0.10426897876638933  -4.157216120462144e-07  0.3188810020442898  -7.306899018927054e-13  -0  -0  -0  -0  
2.47748  0.15151516666666667  0  0.0001  -1.1655926697254392e-17  -3.604020327388148e-15  -4.931513692270083e-17  -1.1448008008257094e-14  -0.11222364422661069  -1.821497425088906e-08  0.33944802537658547  -1.3591942291190899e-12  -0  -0  -0  -0  
2.47748  0.1616161777777778  0  0.0001  -7.274605413909613e-17  -3.803785894463753e-15  -6.89476894591564e-17  -1.1351557041737727e-14  -0.12027593511993495  -1.773450511327204e-10  0.35956877250526686  -2.384301272661561e-12  -0  -0  -0  -0  
2.47748  0.1717171888888889  0  0.0001  -2.616123825343327e-17  -4.001542397972178e-15  -4.286811103682644e-17  -1.1249367733205973e-14  -0.12842999092155624  -3.5672528227138055e-07  0.3792171148880488  -3.990146620646036e-12  -0  -0  -0  -0  
2.47748  0.18181819999999999  0  0.0001  1.692602332427296e-17  -4.197400538898379e-15  -8.51284358213089e-18  -1.114163868036317e-14  -0.13668951156695022  -1.444544847896071e-07  0.3983676050716553  -6.422466773231338e-12  -0  -0  -0  -0  
2.47748  0.19191921111111113  0  0.0001  -5.44354483847934e-17  -4.3908934022535895e-15  -3.710188661376422e-17  -1.1028439604928535e-14  -0.14505774091437196  -2.583451234977645e-07  0.41699551304490823  -1.0002580641172882e-11  -0  -0  -0  -0  
2.47748  0.20202022222222224  0  0.0001  9.39091011116117e-18  -4.582072360982268e-15  -3.0208705882956494e-17  -1.0909851706310382e-14  -0.15353744218867305  -1.6618208533896667e-07  0.4350768614996987  -1.5143230530187536e-11  -0  -0  -0  -0  
2.47748  0.21212123333333333  0  0.0001  2.3629127988635345e-17  -4.770658557685247e-15  -3.386071898327078e-17  -1.0786052376505349e-14  -0.16213088114099236  -4.090496275494894e-07  0.45258845994658886  -2.236640788451992e-11  -0  -0  -0  -0  
2.47748  0.22222224444444447  0  0.0001  -2.217995730719969e-17  -4.9562445017560575e-15  2.4820031608512666e-17  -1.065729144802018e-14  -0.17083980909017593  -4.5665391650696045e-08  0.46950793763356663  -3.232309479111013e-11  -0  -0  -0  -0  
2.47748  0.23232325555555558  0  0.0001  4.4663419694398446e-18  -5.138855523933275e-15  -3.5969134712069366e-17  -1.0523391155274891e-14  -0.17966544548408955  -4.1863370410366685e-08  0.4858137752183511  -4.581517845437869e-11  -0  -0  -0  -0  
2.47748  0.24242426666666667  0  0.0001  -2.156393773907508e-17  -5.318107779833648e-15  -2.1816604990804656e-17  -1.0384761399296847e-14  -0.18860846348244967  -4.324831504240399e-07  0.5014853351466595  -6.38194287333773e-11  -0  -0  -0  -0  
2.47748  0.2525252777777778  0  0.0001  -1.4065269420665667e-17  -5.49412379627013e-15  -2.0213513797013406e-17  -1.0241494877884814e-14  -0.1976689761900562  -8.309944250373613e-08  0.5165028906908505  -8.751377779164804e-11  -0  -0  -0  -0  
2.47748  0.2626262888888889  0  0.0001  -1.441637573630658e-17  -5.66651243043806e-15  -2.358141772932144e-17  -1.0093748859975313e-14  -0.20684652427949562  -4.044455442170504e-08  0.5308476536054467  -1.183058546193649e-10  -0  -0  -0  -0  
2.47748  0.2727273  0  0.0001  4.180724407748744e-17  -5.835157379317404e-15  1.5295069592423954e-17  -9.941676342884652e-15  -0.2161400650098504  -2.6408902959122704e-07  0.544501800358301  -1.5786420927996352e-10  -0  -0  -0  -0  
2.47748  0.2828283111111111  0  0.0001  -7.138687512104868e-18  -5.999593226395448e-15  -4.4165816139577444e-17  -9.785445019951829e-15  -0.2255479630748552  -4.976520062007662e-08  0.5574484968983009  -2.0815202436089686e-10  -0  -0  -0  -0  
2.47748  0.29292932222222223  0  0.0001  -4.403334957755193e-17  -6.160368193603084e-15  -3.808137847877787e-18  -9.625146703339337e-15  -0.2350679970109605  -3.473657248444361e-07  0.5696719219229721  -2.714641588033709e-10  -0  -0  -0  -0  
2.47748  0.30303033333333335  0  0.0001  -8.284666478956683e-17  -6.316629124860412e-15  2.2489912404303185e-17  -9.461027549741542e-15  -0.24469727892943724  -2.291522180009104e-07  0.5811572886114343  -3.504675734929158e-10  -0  -0  -0  -0  
2.47748  0.31313134444444446  0  0.0001  -4.063859879552475e-17  -6.468829887173279e-15  -3.8544071666242315e-17  -9.29332667966405e-15  -0.2544323974851306  -1.9665333422267773e-08  0.5918908647909137  -4.482462452992474e-10  -0  -0  -0  -0  
2.47748  0.3232323555555556  0  0.0001  -1.5655936074517417e-17  -6.616418701420473e-15  -5.472445732150297e-17  -9.122156574733694e-15  -0.26426926631969994  -1.0754180906952955e-07  0.6018599915072085  -5.683513286463522e-10  -0  -0  -0  -0  
2.47748  0.3333333666666667  0  0.0001  3.875704248025062e-18  -6.7591021182631824e-15  2.1774372414346742e-17  -8.94775655005826e-15  -0.27420319643665664  -3.233191341003895e-07  0.6110530999721496  -7.148583437452427e-10  -0  -0  -0  -0  
2.47748  0.3434343777777778  0  0.0001  -2.060544561101653e-17  -6.896938895032328e-15  1.066296868853511e-17  -8.770145450925464e-15  -0.2842288802175427  -7.269129099116935e-07  0.6194597268635723  -8.92433747902597e-10  -0  -0  -0  -0  
2.47748  0.35353538888888897  0  0.0001  -4.187409659408545e-17  -7.029956211271095e-15  -3.456396636794521e-17  -8.589729533412667e-15  -0.2943403942120141  -2.3718526312745383e-07  0.6270705279559902  -1.106413871472074e-09  -0  -0  -0  -0  
2.47748  0.36363639999999997  0  0.0001  -4.9207681853992653e-17  -7.158031485211192e-15  -5.830609902816816e-18  -8.406450001034065e-15  -0.3045312004779874  -2.5915827883661725e-07  0.6338772900626914  -1.362901599058475e-09  -0  -0  -0  -0  
2.47748  0.37373741111111114  0  0.0001  -1.739543157657839e-17  -7.281010134690077e-15  2.1815849756586932e-17  -8.220781445493967e-15  -0.3147941514085707  -6.310037091360219e-07  0.6398729412726725  -1.6688878218429653e-09  -0  -0  -0  -0  
2.47748  0.38383842222222225  0  0.0001  -2.732429017059779e-17  -7.398412010019285e-15  -5.1100486556472486e-18  -8.032704869100006e-15  -0.3251214963216916  -8.49501617695534e-07  0.6450515594684889  -2.0324088260973296e-09  -0  -0  -0  -0  
2.47748  0.39393943333333337  0  0.0001  -3.529354383326481e-18  -7.510970522346533e-15  4.808712468016513e-17  -7.84250237510834e-15  -0.33550489605227524  -2.9319819935574395e-08  0.6494083791138116  -2.4627555794532986e-09  -0  -0  -0  -0  
2.47748  0.4040404444444445  0  0.0001  1.2001725887798312e-17  -7.61803990365214e-15  -3.422342669107237e-17  -7.707598963461865e-15  -0.34593539338639395  -5.57314534270082e-07  0.6529397963021085  -2.970761597466253e-09  -0  -0  -0  -0  
2.47748  0.4141414555555556  0  0.0001  -4.3322668627893626e-17  -7.719110214052336e-15  -2.8165951479739344e-17  -7.59157009972722e-15  -0.3564035020508429  -6.777937264749389e-08  0.655643372060731  -3.5692083960313357e-09  -0  -0  -0  -0  
2.47748  0.42424246666666665  0  0.0001  -4.1675396448822065e-17  -7.815211541350628e-15  2.4468098267443643e-17  -7.473451681497998e-15  -0.3668991404825286  -1.1684669047382241e-08  0.6575178339072603  -4.232430506080653e-09  -0  -0  -0  -0  
2.47748  0.43434347777777776  0  0.0001  -5.547931912709845e-17  -7.905203451654142e-15  -2.4663687033452774e-18  -7.35256642303755e-15  -0.3774116851517191  -1.0674466100838094e-07  0.6585630756578004  -4.917762391326352e-09  -0  -0  -0  -0  
2.47748  0.44444448888888893  0  0.0001  -3.015211131276497e-17  -7.989585947506052e-15  -2.1425463613364605e-17  -7.229591526536693e-15  -0.3879299778491087  -1.0876958707086788e-07  0.6587801554895871  -5.626168168315673e-09  -0  -0  -0  -0  
2.47748  0.45454550000000005  0  0.0001  -5.409524581957205e-17  -8.068136791566245e-15  6.027645102036816e-18  -7.10564945891508e-15  -0.39844234195120953  -5.061671187369159e-07  0.65817129226301  -6.3662265568660805e-09  -0  -0  -0  -0  
2.47748  0.46464651111111116  0  0.0001  -4.080687184616567e-17  -8.141020295251783e-15  -3.778058749344359e-17  -6.983968192257608e-15  -0.4089366835304748  -3.84188087842855e-07  0.6567398601108642  -7.135041790993765e-09  -0  -0  -0  -0  
2.47748  0.4747475222222223  0  0.0001  -2.1191360712154238e-17  -8.207867224585784e-15  -5.1139444413909226e-17  -6.869208205853914e-15  -0.419400103276691  -1.9176130070329153e-07  0.6544903813053528  -7.872797320750637e-09  -0  -0  -0  -0  
2.47748  0.48484853333333333  0  0.0001  2.1114154272780433e-17  -8.268965310373935e-15  8.632855659737032e-19  -6.765391421550671e-15  -0.4298197307886666  -1.519604846602481e-07  0.6514285174159691  -8.611137869270685e-09  -0  -0  -0  -0  
2.47748  0.49494954444444444  0  0.0001  -5.81276402674235e-17  -8.324152393463583e-15  -4.563446360849284e-17  -6.660026670392637e-15  -0.4401819347163592  -5.9210678787196e-07  0.6475610587741618  -9.363875336016443e-09  -0  -0  -0  -0  
2.47748  0.5050505555555556  0  0.0001  1.447555478301055e-18  -8.373346528255652e-15  -7.19255283924174e-18  -6.553296207124659e-15  -0.4504727526549824  -6.376169665754105e-07  0.6428959122632171  -1.0122203616215218e-08  -0  -0  -0  -0  
2.47748  0.5151515666666667  0  0.0001  -5.078381876319259e-17  -8.416446260464257e-15  -3.305379938526153e-17  -6.547933789457084e-15  -0.46067783525666817  -4.4809674503107843e-07  0.637442087454375  -1.0875830945774822e-08  -0  -0  -0  -0  
2.47748  0.5252525777777778  0  0.0001  -5.411541566652427e-17  -8.453861576284481e-15  -4.932503179735345e-17  -6.5534904827674896e-15  -0.4707824724783288  -6.306177904765374e-07  0.6312096811129244  -1.1554405829782434e-08  -0  -0  -0  -0  
2.47748  0.535353588888889  0  0.0001  -1.997572818411282e-17  -8.485288782651622e-15  -3.0023875986268926e-17  -6.556859777501668e-15  -0.4807716214771369  -9.528985122512768e-07  0.6242098601001045  -1.219167150475487e-08  -0  -0  -0  -0  
2.47748  0.5454546  0  0.0001  -7.139133865076654e-17  -8.510473736515797e-15  -4.5314041730841336e-17  -6.558079481177559e-15  -0.49062993501902663  -7.760949392571048e-07  0.6164548426998866  -1.272954792779193e-08  -0  -0  -0  -0  
2.47748  0.5555556111111111  0  0.0001  -6.440663795652926e-17  -8.529974495030024e-15  -9.694866957820398e-17  -6.595202908374476e-15  -0.5003417920390796  -5.799959707109143e-07  0.6079578784012015  -1.3190852645157862e-08  -0  -0  -0  -0  
2.47748  0.5656566222222222  0  0.0001  -6.119424752921948e-17  -8.543228220751212e-15  -4.309975005969421e-17  -6.631501504685398e-15  -0.5098913273536355  -6.414533391847592e-07  0.5987332261692874  -1.3575343296808574e-08  -0  -0  -0  -0  
2.47748  0.5757576333333334  0  0.0001  -5.1602951677614695e-17  -8.55093083736539e-15  1.7450691993382622e-17  -6.665153522207481e-15  -0.5192624655428947  -6.589549873249121e-07  0.5887961312418059  -1.3866922148470193e-08  -0  -0  -0  -0  
2.47748  0.5858586444444445  0  0.0001  -3.548463596783513e-17  -8.552763350584727e-15  -4.5067082421455745e-17  -6.6959047465140045e-15  -0.5284389521060155  -6.350540820535195e-07  0.5781628004876702  -1.4048754206457142e-08  -0  -0  -0  -0  
2.47748  0.5959596555555556  0  0.0001  4.634439693639432e-18  -8.548613068714061e-15  -5.4630556201700714e-17  -6.723609264070584e-15  -0.5374043881641174  -7.516461385420822e-07  0.5668503763688223  -1.409201310045009e-08  -0  -0  -0  -0  
2.47748  0.6060606666666667  0  0.0001  -6.823273178925268e-17  -8.538732355393695e-15  -2.934494276391391e-17  -6.748398411111149e-15  -0.5461422686195468  -7.243197943244682e-07  0.5548769095472115  -1.394913266556644e-08  -0  -0  -0  -0  
2.47748  0.6161616777777777  0  0.0001  -1.5840447182201996e-17  -8.523191359691244e-15  -1.0367732359835015e-16  -6.77004950249039e-15  -0.5546359980678481  -2.7681374891529273e-07  0.5422613301813612  -1.365076600919531e-08  -0  -0  -0  -0  
2.47748  0.6262626888888889  0  0.0001  -5.1799433133076077e-17  -8.501937115187906e-15  -8.864744207781858e-17  -6.78856590326659e-15  -0.5628689663977102  -5.8012552699956715e-08  0.5290234179588692  -1.318225522421883e-08  -0  -0  -0  -0  
2.47748  0.6363637  0  0.0001  -3.655171936913008e-17  -8.475047522860892e-15  -4.933053461041858e-17  -6.803635214858176e-15  -0.5708245457054428  -8.566281285072774e-07  0.5151837709130921  -1.253089176062215e-08  -0  -0  -0  -0  
2.47748  0.6464647111111111  0  0.0001  -3.6179618068158545e-17  -8.442751227838007e-15  -3.759419745436748e-17  -6.815307971738231e-15  -0.5784861473159782  -2.2172619041920795e-07  0.5007637730741232  -1.1687012058504635e-08  -0  -0  -0  -0  
2.47748  0.6565657222222222  0  0.0001  -3.841013228306429e-17  -8.405123386090404e-15  -8.665887940628358e-17  -6.823487489819498e-15  -0.5858372559452166  -2.6046404886978935e-07  0.4857855610058838  -1.0645475537207252e-08  -0  -0  -0  -0  
2.47748  0.6666667333333334  0  0.0001  -4.204251782756065e-17  -8.362233139676526e-15  4.5505083948242523e-17  -6.8282480621715866e-15  -0.5928614674420523  -3.036283424107071e-07  0.4702719892828504  -9.407693873030242e-09  -0  -0  -0  -0  
2.47748  0.6767677444444444  0  0.0001  -3.502069604347911e-17  -8.313675145888609e-15  -4.8970931701066915e-17  -6.8293072556119425e-15  -0.599542527596728  -1.0120763235228584e-07  0.45424659496148645  -7.984524365855752e-09  -0  -0  -0  -0  
2.47748  0.6868687555555556  0  0.0001  2.3382463833032104e-17  -8.260193671965009e-15  -6.902071325656957e-17  -6.826724893125854e-15  -0.6058643721188481  -2.914331935820328e-08  0.43773356110296613  -6.400600777267965e-09  -0  -0  -0  -0  
2.47748  0.6969697666666667  0  0.0001  -5.757886363241732e-19  -8.2016329411939e-15  -1.1845839087534826e-16  -6.820242663332135e-15  -0.6118111583038949  -2.1590800084373243e-07  0.4207576794051423  -4.701339366709233e-09  -0  -0  -0  -0  
2.47748  0.7070707777777779  0  0.0001  -6.9173977401458e-17  -8.13800252399184e-15  -2.4537523386405426e-17  -6.810205028383377e-15  -0.6173673196670846  -2.533015187533124e-07  0.40334431200303966  -2.9657314638837997e-09  -0  -0  -0  -0  
2.47748  0.7171717888888889  0  0.0001  -6.534583678638732e-17  -8.069668833599976e-15  -5.19195185548987e-17  -6.7961281735744966e-15  -0.6225175891727094  -6.586390733587098e-08  0.38551935249733166  -1.3332463671822844e-09  -0  -0  -0  -0  
2.47748  0.7272727999999999  0  0.0001  7.629382883256063e-18  -7.996352963638024e-15  -3.8246112872428545e-17  -6.7780834779957096e-15  -0.6272470465092453  -7.896856636952746e-08  0.36730918627943726  -1.1911868529084273e-10  -0  -0  -0  -0  
2.47748  0.7373738111111112  0  0.0001  -2.402722668326098e-17  -7.91882865410213e-15  -1.201586163330163e-18  -6.7561858832848616e-15  -0.6315411558723524  -1.0385686415385163e-07  0.348740650194694  -7.85155028697716e-10  -0  -0  -0  -0  
2.47748  0.7474748222222223  0  0.0001  -4.7075474343350445e-17  -7.836240794548687e-15  3.153763658936396e-17  -6.752266730641786e-15  -0.6353858044680859  -1.3965879260300922e-07  0.32984099164232894  -2.993964018869388e-09  -0  -0  -0  -0  
2.47748  0.7575758333333334  0  0.0001  -7.975928353380964e-17  -7.749591296872475e-15  -1.0997815650084693e-16  -6.837548152897745e-15  -0.6387673416561312  -1.205877853747011e-07  0.3106378271413006  -6.3971830109640745e-09  -0  -0  -0  -0  
2.47748  0.7676768444444445  0  0.0001  -3.495514272363852e-18  -7.658491791694977e-15  -5.453262430354543e-17  -6.918413220708583e-15  -0.6416726172463941  -1.012466368743667e-07  0.29115910044817034  -1.1071233644516876e-08  -0  -0  -0  -0  
2.47748  0.7777778555555556  0  0.0001  3.1106425312858548e-18  -7.56381820727176e-15  -7.820158691724432e-17  -6.994621643747441e-15  -0.6440890197407249  -4.850246356304665e-08  0.27143304028554005  -1.7155306672555114e-08  -0  -0  -0  -0  
2.47748  0.7878788666666667  0  0.0001  -8.639419281143887e-17  -7.464797421067426e-15  -3.443773397548761e-17  -7.066085982075488e-15  -0.6460045140613063  -2.8676328713257434e-08  0.2514881177481713  -2.4824266417772214e-08  -0  -0  -0  -0  
2.47748  0.7979798777777778  0  0.0001  6.255070666222188e-17  -7.361853366715498e-15  -8.563074257047702e-17  -7.132789991511435e-15  -0.6474076788514397  -2.7299187926286995e-07  0.23135300345325954  -3.4281547928174316e-08  -0  -0  -0  -0  
2.47748  0.808080888888889  0  0.0001  -5.477267662246162e-17  -7.315133194014222e-15  -1.6254831533726984e-16  -7.194456822716974e-15  -0.6482877432652808  -4.3112155796446734e-07  0.21105652450162243  -4.5757205365094566e-08  -0  -0  -0  -0  
2.47748  0.8181819  0  0.0001  -5.227756177916907e-17  -7.271120514610436e-15  -5.944412025822851e-17  -7.251060244370243e-15  -0.648634623198378  -7.313581280314906e-10  0.1906276213167365  -5.95078783413873e-08  -0  -0  -0  -0  
2.47748  0.8282829111111112  0  0.0001  1.1050353868148933e-17  -7.223089732473384e-15  -7.077858606647397e-17  -7.302437814073155e-15  -0.6484389569302618  -2.5082821300849644e-09  0.17009530442860962  -7.581765003311285e-08  -0  -0  -0  -0  
2.47748  0.8383839222222222  0  0.0001  2.3583454246579888e-17  -7.170943714848572e-15  -7.428388397765191e-17  -7.348506753954218e-15  -0.6476921401159259  -6.3841630819638844e-09  0.14948861126945936  -9.499941195359173e-08  -0  -0  -0  -0  
2.47748  0.8484849333333333  0  0.0001  -9.124385034438151e-17  -7.114808990412252e-15  -1.1436021416431816e-16  -7.389267861935413e-15  -0.6463863601270996  -2.0571936994253302e-08  0.12883656304798327  -1.1739655908222374e-07  -0  -0  -0  -0  
2.47748  0.8585859444444445  0  0.0001  4.7203487384899434e-17  -7.0544915798975874e-15  -4.6536558237595236e-17  -7.424348733825229e-15  -0.6445146297764643  -4.033113025092387e-08  0.10816812176879426  -7.169247739284046e-08  -0  -0  -0  -0  
2.47748  0.8686869555555555  0  0.0001  -1.2362618174907406e-17  -6.990302498853586e-15  -7.979983310168254e-17  -7.453970826659716e-15  -0.6420708202591695  -3.0604960603355255e-08  0.08751214746319165  -8.668752477935191e-08  -0  -0  -0  -0  
2.47748  0.8787879666666668  0  0.0001  -1.306217999568418e-16  -6.922277614140267e-15  -9.327554890400119e-17  -7.477948927113403e-15  -0.6390496935616399  -3.9814560802934706e-08  0.06689735569701255  -1.0381214194705961e-07  -0  -0  -0  -0  
2.47748  0.8888889777777779  0  0.0001  -2.6677124672723452e-17  -6.850447505413865e-15  -7.192860110092469e-17  -7.496146251164378e-15  -0.6354469341799527  -8.943363789957967e-08  0.04635227542071044  -1.8674244829569176e-14  -0  -0  -0  -0  
2.47748  0.898989988888889  0  0.0001  -3.2999230543511485e-17  -6.77493537668499e-15  -9.311039154356825e-17  -7.50862179708017e-15  -0.6312591813583974  -2.1685107517658183e-07  0.025905207226141504  -1.975654374496722e-14  -0  -0  -0  -0  
2.47748  0.9090910000000001  0  0.0001  -1.034238346374082e-16  -6.695814432758899e-15  -8.555464950707822e-17  -7.515202544710104e-15  -0.6264840549740963  -1.9542838171803272e-08  0.005584182073783927  -2.096839082781263e-14  -0  -0  -0  -0  
2.47748  0.9191920111111112  0  0.0001  -2.489236885016592e-17  -6.613077265953885e-15  -8.092803647111394e-17  -7.51584931334885e-15  -0.6211201959089341  -1.6381907784928622e-07  -0.014583079446788896  -2.231620532119655e-14  -0  -0  -0  -0  
2.47748  0.9292930222222223  0  0.0001  -2.3012229393514408e-17  -6.527046939445183e-15  -8.536707608937226e-17  -7.5105364589182e-15  -0.6151672868557226  -4.322751101775151e-08  -0.03456920726130775  -2.3842030511795158e-14  -0  -0  -0  -0  
2.47748  0.9393940333333334  0  0.0001  -7.789039474705587e-17  -6.437802158361994e-15  -1.5019410675820382e-16  -7.49923258162132e-15  -0.6086260886421878  -2.5640614730337655e-07  -0.05434722129929157  -2.55073605748077e-14  -0  -0  -0  -0  
2.47748  0.9494950444444445  0  0.0001  -2.1802860944990065e-18  -6.345382389510828e-15  -7.870729606770689e-17  -7.48189291342994e-15  -0.6014984690556696  -8.457547868235479e-08  -0.07389057026698663  -2.7352729460548425e-14  -0  -0  -0  -0  
2.47748  0.9595960555555556  0  0.0001  -4.3861570365812773e-17  -6.286928836683762e-15  -8.887177320329153e-17  -7.458529208307253e-15  -0.5937874411364583  -1.4152605589908278e-07  -0.09317316964639362  -2.9428196770763916e-14  -0  -0  -0  -0  
2.47748  0.9696970666666667  0  0.0001  -4.7947695830048477e-17  -6.2934535708818e-15  -9.88034818171311e-17  -7.429095133158591e-15  -0.5854971960546232  -6.563701212967571e-08  -0.11216943886335913  -3.1671764728904167e-14  -0  -0  -0  -0  
2.47748  0.9797980777777778  0  0.0001  9.728553804739412e-18  -6.296115858244268e-15  -8.759785027505185e-17  -7.39363057347179e-15  -0.5766331486436019  -6.435721860299777e-08  -0.1308543375691548  -3.412981508991208e-14  -0  -0  -0  -0  
2.47748  0.9898990888888889  0  0.0001  5.7071903912818e-18  -6.294725181821035e-15  -9.972571751759855e-17  -7.35209552274385e-15  -0.5672019916517199  -1.6078087400456873e-08  -0.14920340098148044  -3.679912407914515e-14  -0  -0  -0  -0  
2.47748  1.0000001  0  0.0001  1.7682424761430795e-17  -6.289285062959875e-15  -1.1094859642261024e-16  -7.304553338069118e-15  -0.5572117815506284  -2.4291352545369993e-08  -0.16719277423244527  -3.9725898028796356e-14  -0  -0  -0  -0  
9.909910000000002  0  0  0.0001  8.957514298534429e-17  -5.600702719202024e-17  0  0  1.0596395825212411e-16  -8.539915724283448e-17  0  0  -0  -0  0  0  
9.909910000000002  0.010101011111111112  0  0.0001  9.833175304727301e-17  -5.0683783492301034e-17  0  0  0.22497745691002288  -6.898804348464813e-08  0  0  -0  -0  0  0  
9.909910000000002  0.020202022222222223  0  0.0001  9.225744734924948e-17  -7.020470796930982e-17  0  0  0.44970302281040825  -2.159263548218223e-08  0  0  -0  -0  0  0  
9.909910000000002  0.030303033333333333  0  0.0001  8.979268575976084e-17  -6.866156540757101e-17  0  0  0.6739251261008202  -6.093433083806309e-07  0  0  -0  -0  0  0  
9.909910000000002  0.04040404444444445  0  0.0001  9.29658957484935e-17  -6.6427674777512e-17  0  0  0.8973928286714874  -3.0995557468335377e-07  0  0  -0  -0  0  0  
9.909910000000002  0.05050505555555556  0  0.0001  8.487194635950317e-17  -7.867679265432201e-17  0  0  1.1198561684390853  -5.9041164141596605e-09  0  0  -0  -0  0  0  
9.909910000000002  0.060606066666666666  0  0.0001  7.994382506675451e-17  -8.055041444005596e-17  0  0  1.3410664195679485  -2.9864865689204395e-07  0  0  -0  -0  0  0  
9.909910000000002  0.07070707777777778  0  0.0001  8.008136856951233e-17  -1.212064296856572e-16  0  0  1.5607764982004595  -8.304572476117507e-07  0  0  -0  -0  0  0  
9.909910000000002  0.0808080888888889  0  0.0001  1.2260654688250425e-16  -1.3313169812118107e-16  0  0  1.7787411682497103  -1.5347923592771297e-10  0  0  -0  -0  0  0  
9.909910000000002  0.09090909999999999  0  0.0001  4.952188883566149e-17  -1.0203403208362096e-16  0  0  1.9947174410755943  -3.832987936982412e-07  0  0  -0  -0  0  0  
9.909910000000002  0.10101011111111112  0  0.0001  1.4626807296441194e-16  -1.5621651995602713e-16  0  0  2.2084648423217765  -1.7583904647511033e-07  0  0  -0  -0  0  0  
9.909910000000002  0.11111112222222223  0  0.0001  1.8219926854775935e-16  -2.005453551578538e-16  0  0  2.4197457257088324  -1.7187826582065817e-06  0  0  -0  -0  0  0  
9.909910000000002  0.12121213333333333  0  0.0001  8.434812600049905e-17  -1.5386750755246137e-16  0  0  2.6283255754642196  -7.049268079633231e-07  0  0  -0  -0  0  0  
9.909910000000002  0.13131314444444445  0  0.0001  8.963029090687456e-17  -1.5879741030601964e-16  0  0  2.833973303985276  -2.0624262256237965e-07  0  0  -0  -0  0  0  
9.909910000000002  0.14141415555555556  0  0.0001  8.236061719307671e-17  -1.1980893837870986e-16  0  0  3.0364615471679057  -5.852288306461826e-07  0  0  -0  -0  0  0  
9.909910000000002  0.15151516666666667  0  0.0001  2.6093111393404857e-17  -1.9555245554188884e-16  0  0  3.2355669528012254  -2.907828620958437e-07  0  0  -0  -0  0  0  
9.909910000000002  0.1616161777777778  0  0.0001  1.762581021182555e-16  -2.435436765665375e-16  0  0  3.431070466644511  -2.6207819666435645e-09  0  0  -0  -0  0  0  
9.909910000000002  0.1717171888888889  0  0.0001  1.2643039684342638e-16  -1.7608820748290935e-16  0  0  3.6227576116887743  -2.3413278205658477e-06  0  0  -0  -0  0  0  
9.909910000000002  0.18181819999999999  0  0.0001  1.7307844629653746e-18  -1.9985664690835503e-16  0  0  3.8104187626504116  -2.1872140947110207e-06  0  0  -0  -0  0  0  
9.909910000000002  0.19191921111111113  0  0.0001  2.7306896264427253e-17  -1.1374455039431764e-16  0  0  3.9938494146685652  -7.612397662441729e-09  0  0  -0  -0  0  0  
9.909910000000002  0.20202022222222224  0  0.0001  1.8220356000959245e-17  -2.2281805585669697e-16  0  0  4.172850444052168  -2.6236745770836923e-06  0  0  -0  -0  0  0  
9.909910000000002  0.21212123333333333  0  0.0001  1.2588506487057848e-16  -3.3819467461716154e-16  0  0  4.3472283731688135  -3.090320053388286e-08  0  0  -0  -0  0  0  
9.909910000000002  0.22222224444444447  0  0.0001  2.7376656329714794e-17  -1.6303854824205465e-16  0  0  4.516795602115309  -7.647774002046453e-07  0  0  -0  -0  0  0  
9.909910000000002  0.23232325555555558  0  0.0001  5.699439450131662e-18  -1.814892808279969e-16  0  0  4.6813706724462865  -6.629543613829617e-07  0  0  -0  -0  0  0  
9.909910000000002  0.24242426666666667  0  0.0001  3.750312062533382e-17  -2.0462292120033374e-16  0  0  4.840778487376932  -1.9460699751150764e-07  0  0  -0  -0  0  0  
9.909910000000002  0.2525252777777778  0  0.0001  8.902770539019467e-17  -3.372827967967453e-16  0  0  4.994850547667432  -1.3919890383669914e-06  0  0  -0  -0  0  0  
9.909910000000002  0.2626262888888889  0  0.0001  -7.848698253726585e-17  -3.7053043630046787e-16  0  0  5.143425170655596  -8.22976857252818e-07  0  0  -0  -0  0  0  
9.909910000000002  0.2727273  0  0.0001  -1.912883784779787e-16  -5.14677438048679e-16  0  0  5.286347703329119  -6.794594764707754e-07  0  0  -0  -0  0  0  
9.909910000000002  0.2828283111111111  0  0.0001  -1.6246428658696594e-18  -2.9656674425645407e-16  0  0  5.4234707265156175  -8.69880672314051e-07  0  0  -0  -0  0  0  
9.909910000000002  0.29292932222222223  0  0.0001  1.529956495955939e-17  -3.3787605011650647e-16  0  0  5.554654253230488  -4.431187291290342e-06  0  0  -0  -0  0  0  
9.909910000000002  0.30303033333333335  0  0.0001  6.70696595090093e-17  -3.7242126200249986e-16  0  0  5.679765888717486  -3.7744671246997193e-06  0  0  -0  -0  0  0  
9.909910000000002  0.31313134444444446  0  0.0001  7.902866152862246e-17  -4.800638054272992e-16  0  0  5.7986811526110404  -3.1647017637813465e-07  0  0  -0  -0  0  0  
9.909910000000002  0.3232323555555556  0  0.0001  2.663176443811947e-16  -6.767672863122446e-16  0  0  5.9112833669676155  -1.722972234798876e-06  0  0  -0  -0  0  0  
9.909910000000002  0.3333333666666667  0  0.0001  2.2298287567242445e-17  -5.335083635819115e-16  0  0  6.017464101051195  -5.1774089664854e-06  0  0  -0  -0  0  0  
9.909910000000002  0.3434343777777778  0  0.0001  5.88190506387103e-17  -4.517490201093439e-16  0  0  6.117123196836634  -4.412197152594851e-06  0  0  -0  -0  0  0  
9.909910000000002  0.35353538888888897  0  0.0001  1.799615072533781e-16  -3.9266124900425246e-16  0  0  6.21016891768262  -3.7913388004919823e-06  0  0  -0  -0  0  0  
9.909910000000002  0.36363639999999997  0  0.0001  1.285736401196697e-16  -4.3258394971900434e-16  0  0  6.296518111865032  -4.328204273342971e-06  0  0  -0  -0  0  0  
9.909910000000002  0.37373741111111114  0  0.0001  5.596159228348779e-17  -4.3792276889091163e-16  0  0  6.376096328948409  -6.083790145240153e-07  0  0  -0  -0  0  0  
9.909910000000002  0.38383842222222225  0  0.0001  7.465090834941964e-17  -3.74287185819861e-16  0  0  6.448837938209542  -1.324350653307901e-07  0  0  -0  -0  0  0  
9.909910000000002  0.39393943333333337  0  0.0001  2.1835200427083873e-16  -3.9744646624039697e-16  0  0  6.514686245396434  -1.2811460347455934e-07  0  0  -0  -0  0  0  
9.909910000000002  0.4040404444444445  0  0.0001  4.291473929293051e-17  -4.4877326845595e-16  0  0  6.573593591514518  -3.8019861385683567e-06  0  0  -0  -0  0  0  
9.909910000000002  0.4141414555555556  0  0.0001  4.327466774484584e-17  -4.61026350183177e-16  0  0  6.625521447800325  -1.1004379758750487e-06  0  0  -0  -0  0  0  
9.909910000000002  0.42424246666666665  0  0.0001  1.7397907294590973e-16  -5.590735411642082e-16  0  0  6.670440503397422  -2.5096916795455946e-07  0  0  -0  -0  0  0  
9.909910000000002  0.43434347777777776  0  0.0001  7.733809750049823e-17  -4.406890782230057e-16  0  0  6.708330737867743  -2.0086423079737084e-06  0  0  -0  -0  0  0  
9.909910000000002  0.44444448888888893  0  0.0001  2.1562135299556168e-16  -5.385229981564076e-16  0  0  6.739181492660719  -3.0890793949555974e-06  0  0  -0  -0  0  0  
9.909910000000002  0.45454550000000005  0  0.0001  1.161056444998786e-16  -4.2559414250531123e-16  0  0  6.7629915435355175  -3.145041648514185e-07  0  0  -0  -0  0  0  
9.909910000000002  0.46464651111111116  0  0.0001  2.542367030907531e-16  -5.2216792676711e-16  0  0  6.779769126365838  -1.086071178803688e-06  0  0  -0  -0  0  0  
9.909910000000002  0.4747475222222223  0  0.0001  1.700372455948839e-16  -4.887671504863914e-16  0  0  6.7895320142102165  -3.6874155714007053e-06  0  0  -0  -0  0  0  
9.909910000000002  0.48484853333333333  0  0.0001  2.0643233515385083e-16  -5.348909092826498e-16  0  0  6.79230753604502  -1.4027768236147029e-06  0  0  -0  -0  0  0  
9.909910000000002  0.49494954444444444  0  0.0001  2.2026848008681647e-16  -5.00278404072973e-16  0  0  6.788132617298354  -3.0039045835871695e-06  0  0  -0  -0  0  0  
9.909910000000002  0.5050505555555556  0  0.0001  2.352526191147843e-16  -5.049493122549586e-16  0  0  6.777053801791751  -2.96366407387126e-06  0  0  -0  -0  0  0  
9.909910000000002  0.5151515666666667  0  0.0001  2.2761841512701033e-16  -4.555104970741242e-16  0  0  6.759127274984374  -1.4037810247485988e-06  0  0  -0  -0  0  0  
9.909910000000002  0.5252525777777778  0  0.0001  3.2947215286854695e-16  -6.239507896943234e-16  0  0  6.734418868679403  -3.7538882950500395e-06  0  0  -0  -0  0  0  
9.909910000000002  0.535353588888889  0  0.0001  2.19944360820774e-16  -7.555590240691433e-16  0  0  6.703004079020375  -1.0670277526696373e-06  0  0  -0  -0  0  0  
9.909910000000002  0.5454546  0  0.0001  3.570113069812313e-16  -7.052727883336346e-16  0  0  6.664968060211017  -3.1249773262409303e-07  0  0  -0  -0  0  0  
9.909910000000002  0.5555556111111111  0  0.0001  3.519398947659661e-16  -7.71959268859566e-16  0  0  6.620405624439501  -3.1714504771613444e-06  0  0  -0  -0  0  0  
9.909910000000002  0.5656566222222222  0  0.0001  3.3875637645632057e-16  -7.026663173075408e-16  0  0  6.56942124723721  -2.0824198279240526e-06  0  0  -0  -0  0  0  
9.909910000000002  0.5757576333333334  0  0.0001  3.837446624081725e-16  -7.359447300824459e-16  0  0  6.512129029846374  -2.6395909998420957e-07  0  0  -0  -0  0  0  
9.909910000000002  0.5858586444444445  0  0.0001  2.883390234108085e-16  -7.285383571312972e-16  0  0  6.448652712431874  -1.066397602950107e-06  0  0  -0  -0  0  0  
9.909910000000002  0.5959596555555556  0  0.0001  3.3481871485318413e-16  -6.659845429486997e-16  0  0  6.379125643682196  -3.605679633278635e-06  0  0  -0  -0  0  0  
9.909910000000002  0.6060606666666667  0  0.0001  2.682975947675577e-16  -7.181185775460414e-16  0  0  6.303690765164161  -1.1903313863963986e-07  0  0  -0  -0  0  0  
9.909910000000002  0.6161616777777777  0  0.0001  2.512399026759417e-16  -6.080582483302496e-16  0  0  6.222500588196782  -1.5223394206088458e-07  0  0  -0  -0  0  0  
9.909910000000002  0.6262626888888889  0  0.0001  3.452805659631246e-16  -5.277308294403438e-16  0  0  6.135717171681542  -5.714198854873612e-07  0  0  -0  -0  0  0  
9.909910000000002  0.6363637  0  0.0001  2.699364179372043e-16  -5.426852227789311e-16  0  0  6.043512098275436  -4.074809192650676e-06  0  0  -0  -0  0  0  
9.909910000000002  0.6464647111111111  0  0.0001  3.701326410208169e-16  -5.460044202922153e-16  0  0  5.946066449458898  -3.5461734017860737e-06  0  0  -0  -0  0  0  
9.909910000000002  0.6565657222222222  0  0.0001  1.4433316223122515e-16  -5.191908446344054e-16  0  0  5.843570778961916  -4.168938306243962e-06  0  0  -0  -0  0  0  
9.909910000000002  0.6666667333333334  0  0.0001  1.1181100798253843e-16  -6.166413369646126e-16  0  0  5.736224978905589  -5.124837019087208e-06  0  0  -0  -0  0  0  
9.909910000000002  0.6767677444444444  0  0.0001  3.156772562876637e-16  -5.254955234925525e-16  0  0  5.624238789868984  -1.6196730068373527e-06  0  0  -0  -0  0  0  
9.909910000000002  0.6868687555555556  0  0.0001  1.9483780154995186e-16  -5.352812061560524e-16  0  0  5.507830679380275  -4.519401637524904e-07  0  0  -0  -0  0  0  
9.909910000000002  0.6969697666666667  0  0.0001  1.3125488853256372e-16  -4.762368540294245e-16  0  0  5.387229012161653  -3.446787827183929e-06  0  0  -0  -0  0  0  
9.909910000000002  0.7070707777777779  0  0.0001  1.822556782069946e-16  -4.770424873122864e-16  0  0  5.262671230776131  -4.030146122960053e-06  0  0  -0  -0  0  0  
9.909910000000002  0.7171717888888889  0  0.0001  1.0190225493091601e-16  -5.127475213954873e-16  0  0  5.134404189223285  -7.662381036765466e-07  0  0  -0  -0  0  0  
9.909910000000002  0.7272727999999999  0  0.0001  1.4919635395348751e-16  -4.2452830708248445e-16  0  0  5.002683996720415  -5.794321936187529e-07  0  0  -0  -0  0  0  
9.909910000000002  0.7373738111111112  0  0.0001  3.2509878191170976e-16  -6.475624238393464e-16  0  0  4.867776006538708  -7.288069579326254e-07  0  0  -0  -0  0  0  
9.909910000000002  0.7474748222222223  0  0.0001  2.290804428634587e-16  -5.421478675041263e-16  0  0  4.729954780371504  -1.266273633103308e-06  0  0  -0  -0  0  0  
9.909910000000002  0.7575758333333334  0  0.0001  1.887519355974389e-16  -5.267197847173075e-16  0  0  4.589504036653366  -1.7472871847825244e-07  0  0  -0  -0  0  0  
9.909910000000002  0.7676768444444445  0  0.0001  2.3836865833248305e-16  -5.135926675285232e-16  0  0  4.446716601309925  -5.88108025819727e-07  0  0  -0  -0  0  0  
9.909910000000002  0.7777778555555556  0  0.0001  1.3514018533186883e-16  -5.789908534901067e-16  0  0  4.30189433622945  -6.937537903525258e-07  0  0  -0  -0  0  0  
9.909910000000002  0.7878788666666667  0  0.0001  9.986790886951607e-17  -5.692010932973563e-16  0  0  4.155348054628395  -2.8436431674514993e-08  0  0  -0  -0  0  0  
9.909910000000002  0.7979798777777778  0  0.0001  2.1943883768621366e-16  -5.942770731083801e-16  0  0  4.007397412999635  -2.300449752276888e-06  0  0  -0  -0  0  0  
9.909910000000002  0.808080888888889  0  0.0001  3.417168542785272e-17  -5.376419152673954e-16  0  0  3.858370774034133  -6.873857702793634e-09  0  0  -0  -0  0  0  
9.909910000000002  0.8181819  0  0.0001  6.25179672626535e-17  -5.297317593753327e-16  0  0  3.708605032093678  -1.917490794589339e-06  0  0  -0  -0  0  0  
9.909910000000002  0.8282829111111112  0  0.0001  1.292605375953306e-16  -6.273693219647011e-16  0  0  3.5584453899815487  -2.0680683966463982e-06  0  0  -0  -0  0  0  
9.909910000000002  0.8383839222222222  0  0.0001  9.874024717081945e-17  -6.032222696789523e-16  0  0  3.4082450816763603  -2.0801580191887624e-07  0  0  -0  -0  0  0  
9.909910000000002  0.8484849333333333  0  0.0001  4.880734161633111e-17  -6.188531893726177e-16  0  0  3.258365004876313  -3.208121019771328e-07  0  0  -0  -0  0  0  
9.909910000000002  0.8585859444444445  0  0.0001  1.6511547680902272e-16  -6.560744904933983e-16  0  0  3.109173276648941  -6.22169115749947e-07  0  0  -0  -0  0  0  
9.909910000000002  0.8686869555555555  0  0.0001  5.3374852101950426e-17  -6.616726799928536e-16  0  0  2.961044657693435  -4.076202425558011e-07  0  0  -0  -0  0  0  
9.909910000000002  0.8787879666666668  0  0.0001  4.898186031431777e-17  -6.812388580657904e-16  0  0  2.8143598314475153  -6.456808495489951e-07  0  0  -0  -0  0  0  
9.909910000000002  0.8888889777777779  0  0.0001  7.567936600497238e-17  -7.01920211673745e-16  0  0  2.669504496471914  -1.4259282062526795e-06  0  0  -0  -0  0  0  
9.909910000000002  0.898989988888889  0  0.0001  3.493306398365312e-17  -7.1640061108828e-16  0  0  2.526868224006681  -1.455926916817584e-07  0  0  -0  -0  0  0  
9.909910000000002  0.9090910000000001  0  0.0001  3.323400000766573e-17  -7.423710499689257e-16  0  0  2.3868430191063728  -3.130686841367524e-07  0  0  -0  -0  0  0  
9.909910000000002  0.9191920111111112  0  0.0001  5.0854641865928844e-17  -7.646050653582493e-16  0  0  2.24982150615275  -4.893555287461049e-08  0  0  -0  -0  0  0  
9.909910000000002  0.9292930222222223  0  0.0001  2.874476878965905e-17  -7.811477795253595e-16  0  0  2.116194631517978  -7.044849844944799e-07  0  0  -0  -0  0  0  
9.909910000000002  0.9393940333333334  0  0.0001  1.6919856431936295e-17  -7.937757893989628e-16  0  0  1.986348733027485  -1.4777720894710028e-07  0  0  -0  -0  0  0  
9.909910000000002  0.9494950444444445  0  0.0001  9.116574709652559e-18  -8.12504559384263e-16  0  0  1.8606618211813313  -1.102097659976466e-06  0  0  -0  -0  0  0  
9.909910000000002  0.9595960555555556  0  0.0001  2.3576905559967714e-17  -8.238297131981488e-16  0  0  1.7394986317261538  -2.375355903784404e-07  0  0  -0  -0  0  0  
9.909910000000002  0.9696970666666667  0  0.0001  8.316525815258356e-18  -8.323561788620717e-16  0  0  1.623204233902111  -9.959727195485948e-07  0  0  -0  -0  0  0  
9.909910000000002  0.9797980777777778  0  0.0001  6.912331110829666e-18  -8.369990453880063e-16  0  0  1.5120951667624154  -2.0093477318727986e-08  0  0  -0  -0  0  0  
9.909910000000002  0.9898990888888889  0  0.0001  1.2509445924570645e-17  -8.371112479593394e-16  0  0  1.4064467686403972  -3.145543001504501e-07  0  0  -0  -0  0  0  
9.909910000000002  1.0000001  0  0.0001  5.047626487578851e-18  -8.317210568148767e-16  0  0  1.3064727713886117  -6.695013192463942e-07  0  0  -0  -0  0  0  
