atol    1e-9
length    1.0
m_N    3
m_end    495.4955
m_start    0.4954955
mode    TE011
omega    4.954955e+00
phi_N    1
phi_end    0.0
phi_start    0.0
r_N    100
r_end    1.0000001
r_start    0.0
radius    1.0
rtol    1e-6
z_N    1
z_end    1e-4
z_start    1e-4

m    r    phi    z    Re[j_r]    error_Re[j_r]    Im[j_r]    error_Im[j_r]    Re[j_phi]    error_Re[j_phi]    Im[j_phi]    error_Im[j_phi]    Re[j_z]    error_Re[j_z]    Im[j_z]    error_Im[j_z]  
------------------------------------------------------------------------------

0.4954955  0  0  0.0001  8.058577909879684e-19  -3.5290598230252616e-16  -2.028097143672873e-18  -3.207130047081124e-16  1.6649468358980814e-18  -3.586694514593916e-16  3.426723097796922e-21  -3.25952780924432e-16  -0  -0  -0  -0  
0.4954955  0.010101011111111112  0  0.0001  1.502310332753513e-18  -3.52689459431016e-16  -1.3183204656831187e-18  -3.2074914488455e-16  -2.5953377889675135e-05  -1.7263019676213114e-10  2.9014566055940338e-05  -1.0405385520872715e-11  -0  -0  -0  -0  
0.4954955  0.020202022222222223  0  0.0001  1.239155081027762e-18  -3.522709130967614e-16  -1.217551488693029e-18  -3.2051529121171504e-16  -5.189399014163198e-05  -5.400499360227808e-11  5.797229617571076e-05  -2.332871492792699e-10  -0  -0  -0  -0  
0.4954955  0.030303033333333333  0  0.0001  1.3622428265252487e-18  -3.5165149632236086e-16  4.168244319879002e-19  -3.200132241635119e-16  -7.78090574416977e-05  -1.5542159214454213e-09  8.681646775671825e-05  -1.0902467863390459e-09  -0  -0  -0  -0  
0.4954955  0.04040404444444445  0  0.0001  2.478313276873267e-18  -3.508311752166322e-16  -6.345782880409342e-19  -3.1923959379500916e-16  -0.0001036857859395091  -2.3110981111621797e-09  0.00011549058463013748  -2.635742343497526e-09  -0  -0  -0  -0  
0.4954955  0.05050505555555556  0  0.0001  4.0162155902690607e-19  -3.498109004581141e-16  -2.761316563788783e-19  -3.1820115464498036e-16  -0.0001295112922600858  -3.316323352677219e-09  0.0001439384896948643  -4.040841398621401e-09  -0  -0  -0  -0  
0.4954955  0.060606066666666666  0  0.0001  1.9366434420947227e-18  -3.4859320659616333e-16  -1.0229249624794815e-18  -3.1689182616850167e-16  -0.00015527273403186657  -7.471384971214675e-10  0.0001721044768532278  -3.6855185592981134e-09  -0  -0  -0  -0  
0.4954955  0.07070707777777778  0  0.0001  3.208385231535425e-19  -3.4717899276197596e-16  -9.853505919156218e-19  -3.1533104656413723e-16  -0.0001809570701346827  -2.0560780738780933e-09  0.00019993340201828353  -6.606465849947956e-10  -0  -0  -0  -0  
0.4954955  0.0808080888888889  0  0.0001  2.6596099731941665e-18  -3.4556793135985055e-16  3.305592148566959e-19  -3.134972635074306e-16  -0.0002065513190152326  -5.430004801690838e-13  0.00022737079296381827  -5.564512804700752e-09  -0  -0  -0  -0  
0.4954955  0.09090909999999999  0  0.0001  1.5570722133702371e-18  -3.4375890229634164e-16  -9.06992538202792e-19  -3.114074435241119e-16  -0.00023204232289329393  -1.0073213034002562e-09  0.0002543629577909825  -7.40660187849103e-15  -0  -0  -0  -0  
0.4954955  0.10101011111111112  0  0.0001  8.6142446409539435e-19  -3.4176241143471584e-16  -1.4901678641301083e-18  -3.0906356130464842e-16  -0.00025741684634413464  -4.489555424808108e-10  0.0002808570917910714  -1.9042119267278634e-14  -0  -0  -0  -0  
0.4954955  0.11111112222222223  0  0.0001  1.1417221868519678e-18  -3.3957508300077614e-16  -1.1225919860071325e-18  -3.0647311999557785e-16  -0.00028266153918301765  -4.622976875324389e-09  0.00030680138247819185  -4.2955176972088654e-14  -0  -0  -0  -0  
0.4954955  0.12121213333333333  0  0.0001  -1.1296325998035444e-19  -3.3720479862951556e-16  -2.3472216447405906e-18  -3.0362657764156645e-16  -0.00030776292867052053  -1.7691568526774072e-09  0.00033214511258389295  -8.80944590666887e-14  -0  -0  -0  -0  
0.4954955  0.13131314444444445  0  0.0001  1.7781957249696365e-18  -3.3464275675653454e-16  3.2113814676912343e-19  -3.0054420976479425e-16  -0.0003327074111390724  -4.6407182055960115e-10  0.0003568387607976284  -1.6781882216532041e-13  -0  -0  -0  -0  
0.4954955  0.14141415555555556  0  0.0001  1.2767538023610542e-18  -3.3190349127716733e-16  -1.1521884709916984e-18  -2.9722881655457044e-16  -0.00035748124022349256  -1.4404517379538145e-09  0.0003808341000461076  -3.012585029341203e-13  -0  -0  -0  -0  
0.4954955  0.15151516666666667  0  0.0001  2.337304232963192e-18  -3.2898337375686877e-16  2.3017272107411174e-19  -2.9366680383274947e-16  -0.00038207052397325967  -7.28724641328882e-10  0.0004040842931125972  -5.148545968599688e-13  -0  -0  -0  -0  
0.4954955  0.1616161777777778  0  0.0001  1.3213694914574669e-18  -3.258915881517532e-16  -3.797407593165156e-18  -2.8988971628577505e-16  -0.00040646121622879816  -7.0921250616857885e-12  0.0004265439853986057  -8.440538308319684e-13  -0  -0  -0  -0  
0.4954955  0.1717171888888889  0  0.0001  1.9950333860174273e-18  -3.2262405914576906e-16  -1.8224013678230782e-18  -2.858877263207565e-16  -0.0004306393638449497  -1.4895693517122809e-08  0.00044816939463619986  -1.3351189576140676e-12  -0  -0  -0  -0  
0.4954955  0.18181819999999999  0  0.0001  9.089119376412593e-19  -3.191914875407399e-16  2.035608415418592e-18  -2.825957613645096e-16  -0.0004545898135689006  -5.785057552685954e-09  0.0004689183973724718  -2.046998388436036e-12  -0  -0  -0  -0  
0.4954955  0.19191921111111113  0  0.0001  8.406271043043789e-19  -3.156534990486088e-16  -2.7914357354109897e-18  -2.820100385817608e-16  -0.00047829880689459145  -1.0265565519297033e-08  0.0004887506120444079  -3.0531869932881767e-12  -0  -0  -0  -0  
0.4954955  0.20202022222222224  0  0.0001  1.5151123967029699e-18  -3.1280860235997966e-16  -1.926297276371793e-19  -2.8118066989113896e-16  -0.0005017513726200876  -6.6489554862809874e-09  0.0005076274784771777  -4.4434738129208455e-12  -0  -0  -0  -0  
0.4954955  0.21212123333333333  0  0.0001  2.2252797222868934e-18  -3.100937019854538e-16  1.9835032864862796e-18  -2.801099861367515e-16  -0.0005249326119824314  -1.6350740072798374e-08  0.0005255123336438635  -6.325498049599664e-12  -0  -0  -0  -0  
0.4954955  0.22222224444444447  0  0.0001  -2.049702293601281e-18  -3.091471396928269e-16  -1.808896777248061e-18  -2.788037250223175e-16  -0.0005478274806570299  -1.5960917551880116e-09  0.0005423704835323012  -8.825959481457988e-12  -0  -0  -0  -0  
0.4954955  0.23232325555555558  0  0.0001  2.995280664851359e-18  -3.080646575524799e-16  -7.0395413196899005e-19  -2.772521339196068e-16  -0.0005704207447260408  -1.667920132862175e-09  0.0005581692709723762  -1.2091333457632941e-11  -0  -0  -0  -0  
0.4954955  0.24242426666666667  0  0.0001  2.1206344820956957e-18  -3.068508394196576e-16  4.565881092953622e-20  -2.754670820935851e-16  -0.0005926970072198818  -1.7295850773806684e-08  0.0005728781392879834  -1.6287956208057895e-11  -0  -0  -0  -0  
0.4954955  0.2525252777777778  0  0.0001  -2.6344368100908577e-19  -3.0550681026933466e-16  5.177979839794289e-19  -2.7808342525975957e-16  -0.0006146407086943703  -3.3237672911633784e-09  0.0005864686916446006  -2.1601265454684974e-11  -0  -0  -0  -0  
0.4954955  0.2626262888888889  0  0.0001  -1.1334052028373736e-18  -3.040311438369205e-16  -9.571165476053903e-19  -2.8102352820962114e-16  -0.0006362361299626145  -1.6104865424708983e-09  0.0005989147459716228  -2.823397185923209e-11  -0  -0  -0  -0  
0.4954955  0.2727273  0  0.0001  9.53258583663978e-19  -3.040213864497669e-16  2.2336561259991e-18  -2.8370154225012503e-16  -0.0006574673957906463  -1.0489694482822635e-08  0.0006101923853517044  -3.6402990662315825e-11  -0  -0  -0  -0  
0.4954955  0.2828283111111111  0  0.0001  2.339222876500784e-18  -3.050418824022196e-16  -1.0712901692668847e-18  -2.86128272209301e-16  -0.0006783185550896821  -2.1099880585502002e-09  0.0006202800037747623  -4.6293465115681563e-11  -0  -0  -0  -0  
0.4954955  0.29292932222222223  0  0.0001  1.1878422149735777e-18  -3.059104028264482e-16  -5.483323540527299e-19  -2.882877004746564e-16  -0.0006987738710182977  -1.3877025438559528e-08  0.0006291583471662762  -5.7894952420963874e-11  -0  -0  -0  -0  
0.4954955  0.30303033333333335  0  0.0001  -2.586347985877525e-18  -3.0662911833185286e-16  5.437133522243604e-19  -2.9018786064598974e-16  -0.0007188154730961247  -9.165994348898478e-09  0.0006368105496099325  -7.143192149734044e-11  -0  -0  -0  -0  
0.4954955  0.31313134444444446  0  0.0001  4.342050015073055e-19  -3.0719608854283014e-16  -2.213760276781702e-18  -2.91818069950358e-16  -0.0007384286971465421  -7.869325497561295e-10  0.0006432221646911911  -8.706650359451292e-11  -0  -0  -0  -0  
0.4954955  0.3232323555555556  0  0.0001  6.915454335929937e-19  -3.075975786392319e-16  -7.197772667584451e-19  -2.931790260497965e-16  -0.0007575964701825782  -4.302402447790513e-09  0.0006483811919047207  -1.0476249252593684e-10  -0  -0  -0  -0  
0.4954955  0.3333333666666667  0  0.0001  -8.223270070262087e-19  -3.0783679999191144e-16  9.59686954360165e-19  -2.9427107515222565e-16  -0.0007763022404717158  -1.2935037095069734e-08  0.0006522780980727671  -1.2471154339672758e-10  -0  -0  -0  -0  
0.4954955  0.3434343777777778  0  0.0001  -2.403699877704069e-18  -3.0790268898649985e-16  6.207639222908114e-19  -2.9509070410835446e-16  -0.0007945293634232602  -1.1035824069950173e-08  0.000654905833735926  -1.468969232186973e-10  -0  -0  -0  -0  
0.4954955  0.35353538888888897  0  0.0001  -2.8542769578706085e-19  -3.078101194330107e-16  -1.5293966728713325e-18  -2.9564112717302776e-16  -0.0008122611890818092  -9.482000237190333e-09  0.0006562598444867011  -1.7108984005413084e-10  -0  -0  -0  -0  
0.4954955  0.36363639999999997  0  0.0001  -1.1529433507921448e-18  -3.0756130545722607e-16  -1.0205867992174118e-18  -2.9591771561377545e-16  -0.0008294810139511837  -9.99803484027249e-09  0.0006563380772286146  -1.966961291705171e-10  -0  -0  -0  -0  
0.4954955  0.37373741111111114  0  0.0001  -5.682302789009996e-20  -3.071393014966624e-16  -1.4306511843262532e-19  -2.959237081972447e-16  -0.000846172132256056  -1.524014938454838e-09  0.0006551409813491392  -2.2370064057440323e-10  -0  -0  -0  -0  
0.4954955  0.38383842222222225  0  0.0001  7.833695220641497e-19  -3.0655046655099553e-16  1.1419439537653416e-19  -2.956496965001183e-16  -0.0008623178635688713  -3.259776117592132e-10  0.0006526715048145493  -2.515893264263628e-10  -0  -0  -0  -0  
0.4954955  0.39393943333333337  0  0.0001  2.5986354105960664e-19  -3.057926766257096e-16  2.250010020581308e-18  -2.95115477668485e-16  -0.0008779018732555046  -1.1005308599488726e-09  0.0006489350851955725  -2.796740012220461e-10  -0  -0  -0  -0  
0.4954955  0.4040404444444445  0  0.0001  5.612389170296341e-19  -3.04869003522402e-16  -5.004243312614279e-19  -2.943104326000687e-16  -0.0008929066423029957  -9.358738338466991e-09  0.0006439396356496691  -3.0707084607227484e-10  -0  -0  -0  -0  
0.4954955  0.4141414555555556  0  0.0001  -1.27461634666943e-18  -3.0376747031507925e-16  -1.3217501641924628e-18  -2.932255849908686e-16  -0.0009073166238302788  -2.703956478180606e-09  0.0006376955258938906  -3.32681521837714e-10  -0  -0  -0  -0  
0.4954955  0.42424246666666665  0  0.0001  -1.3386528643329689e-18  -3.025175450537878e-16  -5.018749153300201e-19  -2.9320807160955594e-16  -0.0009211151310658159  -5.260527887728857e-10  0.0006302155582132929  -3.551796508777727e-10  -0  -0  -0  -0  
0.4954955  0.43434347777777776  0  0.0001  -9.92701842244416e-19  -3.0108065204141877e-16  -1.1476745462613103e-18  -2.960935909345086e-16  -0.0009342859464760147  -4.37945867011391e-09  0.0006215149385599425  -3.71919213016631e-10  -0  -0  -0  -0  
0.4954955  0.44444448888888893  0  0.0001  -6.197730161049481e-19  -2.9948601585308734e-16  -1.602685868419116e-18  -2.98742440313383e-16  -0.0009468130268954205  -4.8919349258597835e-09  0.0006116112428084925  -3.8189766129474767e-10  -0  -0  -0  -0  
0.4954955  0.45454550000000005  0  0.0001  -3.648993189507073e-18  -2.9772742182468673e-16  -6.883031438090193e-19  -3.0114071347234036e-16  -0.0009586805162972815  -2.5663990358664122e-09  0.0006005243782420739  -3.834170485699986e-10  -0  -0  -0  -0  
0.4954955  0.46464651111111116  0  0.0001  -5.321147820403419e-19  -2.95809068007711e-16  -1.0863199714142165e-18  -3.0329245225294883e-16  -0.0009698728351786697  -4.915671914485962e-09  0.000588276540356427  -3.745017203000735e-10  -0  -0  -0  -0  
0.4954955  0.4747475222222223  0  0.0001  8.477427117652972e-19  -2.937367867519456e-16  9.843241371528357e-20  -3.0519594771327476e-16  -0.0009803746480839014  -9.762799327208781e-09  0.0005748921650752148  -3.5322539741347877e-10  -0  -0  -0  -0  
0.4954955  0.48484853333333333  0  0.0001  4.026285175805353e-19  -2.9150264679481576e-16  4.203456451700488e-19  -3.0684931457761466e-16  -0.0009901709309032235  -1.0722996622960426e-08  0.0005603978764817886  -3.1647998146465355e-10  -0  -0  -0  -0  
0.4954955  0.49494954444444444  0  0.0001  6.730343319837891e-19  -2.891234029130364e-16  -1.2029385362168363e-18  -3.08256736076362e-16  -0.0009992469988743086  -1.6331350480810177e-08  0.0005448224301818235  -2.637303344695956e-10  -0  -0  -0  -0  
0.4954955  0.5050505555555556  0  0.0001  2.5322456265064025e-19  -2.8658001736751955e-16  -3.9623896387340903e-19  -3.0940802548033434e-16  -0.0010075885390407177  -1.2663752714189722e-08  0.0005281966524184725  -1.9681599295188994e-10  -0  -0  -0  -0  
0.4954955  0.5151515666666667  0  0.0001  -1.6934403522923988e-18  -2.8389075904818437e-16  -2.9612050564296634e-18  -3.1031338167024784e-16  -0.0010151816471360164  -1.4409540309850808e-08  0.0005105533750725412  -1.204670131960135e-10  -0  -0  -0  -0  
0.4954955  0.5252525777777778  0  0.0001  -1.7260952874947715e-18  -2.8107655280010483e-16  -8.620541404935569e-19  -3.109662362482407e-16  -0.001022012863307742  -2.0045604830356065e-08  0.0004919273666872584  -4.460828323430021e-11  -0  -0  -0  -0  
0.4954955  0.535353588888889  0  0.0001  1.1027834542299413e-18  -2.781109490734202e-16  -1.831459393247606e-18  -3.113698733049827e-16  -0.0010280692105262832  -2.618048121261688e-09  0.00047235525966602885  -2.6358515926141936e-12  -0  -0  -0  -0  
0.4954955  0.5454546  0  0.0001  -8.768939517045947e-19  -2.766245022939935e-16  -3.088242623900189e-18  -3.115226381690204e-16  -0.0010333382220438837  -7.680800772129505e-10  0.0004518754737990303  -8.476520523607174e-11  -0  -0  -0  -0  
0.4954955  0.5555556111111111  0  0.0001  -1.6866270902772168e-19  -2.7674318778570107e-16  -3.805625739655951e-18  -3.114228626827893e-16  -0.0010378080002398332  -5.905915536964765e-09  0.00043052813628223025  -2.502781061486171e-10  -0  -0  -0  -0  
0.4954955  0.5656566222222222  0  0.0001  5.678125498068863e-19  -2.7667906592446887e-16  -2.958626282553185e-18  -3.110876940265871e-16  -0.0010414672056807308  -4.794944567698184e-09  0.0004083549983989936  -5.05656113604286e-10  -0  -0  -0  -0  
0.4954955  0.5757576333333334  0  0.0001  -8.542660648085164e-20  -2.7646498061420607e-16  -6.698721323292351e-19  -3.107136147522599e-16  -0.0010443051694875006  -5.655812048066186e-10  0.00038539934904262903  -8.664381451475312e-10  -0  -0  -0  -0  
0.4954955  0.5858586444444445  0  0.0001  -1.0755932950969865e-18  -2.7607914741402816e-16  -2.4410406574003277e-18  -3.101330807605675e-16  -0.0010463118607894801  -2.6417197154190298e-09  0.0003617059252625206  -1.3524502569060194e-09  -0  -0  -0  -0  
0.4954955  0.5959596555555556  0  0.0001  -3.4175792611771605e-19  -2.755131038245835e-16  -2.2613359631806743e-18  -3.093098808158416e-16  -0.001047477959907893  -9.019008633552974e-09  0.0003373208200241924  -1.9871882574949072e-09  -0  -0  -0  -0  
0.4954955  0.6060606666666667  0  0.0001  -1.6090896299773231e-18  -2.747984900969939e-16  -1.4641771760526928e-18  -3.0910240875598696e-16  -0.0010477948763738193  -2.8547137112386626e-10  0.0003122913873783858  -2.797813680267168e-09  -0  -0  -0  -0  
0.4954955  0.6161616777777777  0  0.0001  1.698065285657126e-18  -2.738954897833121e-16  -3.06173413312901e-18  -3.087347309506519e-16  -0.001047254810303328  -3.76063339467237e-10  0.0002866661452395928  -3.815340147870962e-09  -0  -0  -0  -0  
0.4954955  0.6262626888888889  0  0.0001  7.839781983748401e-19  -2.72831777424068e-16  -5.79564720660577e-18  -3.0812789490394733e-16  -0.0010458507624372608  -1.581900185225502e-08  0.0002604946759793581  -5.074901900458829e-09  -0  -0  -0  -0  
0.4954955  0.6363637  0  0.0001  1.1890735142184399e-18  -2.7159566015505856e-16  -2.7904034668252065e-18  -3.0728872352624433e-16  -0.0010435765870590913  -5.033030631996155e-09  0.00023382752504329208  -6.6160679303321006e-09  -0  -0  -0  -0  
0.4954955  0.6464647111111111  0  0.0001  1.499997789358119e-18  -2.7020044167300364e-16  -2.4351677027101764e-18  -3.0621104972828126e-16  -0.0010404270124981716  -7.005804077764491e-11  0.00020671609780550636  -8.483186629872813e-09  -0  -0  -0  -0  
0.4954955  0.6565657222222222  0  0.0001  8.4851669500836605e-19  -2.6864456295508797e-16  -5.114631588104943e-18  -3.049032901825498e-16  -0.001036397694037818  -2.995836604033944e-12  0.00017921255487687987  -1.0709321954243074e-08  -0  -0  -0  -0  
0.4954955  0.6666667333333334  0  0.0001  -2.4590682078433606e-18  -2.669234237500019e-16  1.1143806769899878e-18  -3.0336224547411783e-16  -0.0010314852304351  -1.793029256671524e-11  0.00015136970608660265  -1.3323365027583431e-08  -0  -0  -0  -0  
0.4954955  0.6767677444444444  0  0.0001  -8.701239880478424e-19  -2.6808383709958703e-16  -4.704149619579285e-18  -3.01591092360044e-16  -0.0010256872057476175  -4.0495361852194414e-09  0.00012324090335889677  -1.640474948731503e-08  -0  -0  -0  -0  
0.4954955  0.6868687555555556  0  0.0001  1.1340896422706166e-18  -2.711352429500115e-16  -1.8665957490173304e-18  -2.995925124013382e-16  -0.0010190022818603775  -1.1591000880753501e-09  9.487993270889124e-05  -1.0007698484422605e-08  -0  -0  -0  -0  
0.4954955  0.6969697666666667  0  0.0001  3.579683632227762e-18  -2.739741637486279e-16  -2.8962887867710685e-18  -2.973664176747872e-16  -0.0010114299093369208  -5.65353511780704e-10  6.634090558287322e-05  -1.2111627821205495e-08  -0  -0  -0  -0  
0.4954955  0.7070707777777779  0  0.0001  1.0766893474384807e-18  -2.7661191629439445e-16  -3.076189501944002e-18  -2.949239095505127e-16  -0.001002971003349921  -1.846760497551486e-09  3.7678149769441e-05  -1.4551343507217513e-08  -0  -0  -0  -0  
0.4954955  0.7171717888888889  0  0.0001  -1.856760520994758e-18  -2.7902177795944094e-16  -4.007695001253175e-18  -2.922548391311211e-16  -0.000993627318381428  -2.5671190611863744e-09  8.946100108121612e-06  -1.4493877811539056e-15  -0  -0  -0  -0  
0.4954955  0.7272727999999999  0  0.0001  7.279198521634794e-19  -2.8124879842560186e-16  -1.7897526829278267e-18  -2.893655713442506e-16  -0.0009834018072373333  -2.6353708068720958e-09  -1.980081077742047e-05  -1.5898435237928026e-15  -0  -0  -0  -0  
0.4954955  0.7373738111111112  0  0.0001  1.5261018629358664e-18  -2.8324594314202486e-16  -8.346922118739121e-19  -2.862631292630127e-16  -0.0009722985819221661  -3.6005051055448957e-09  -4.850826149530297e-05  -1.7462221822539263e-15  -0  -0  -0  -0  
0.4954955  0.7474748222222223  0  0.0001  -2.455047812794966e-18  -2.849949032508457e-16  -1.0520975048252995e-18  -2.829498802877958e-16  -0.0009603229305968855  -4.399414334335628e-09  -7.712215042486112e-05  -1.922517832679541e-15  -0  -0  -0  -0  
0.4954955  0.7575758333333334  0  0.0001  3.0663931855405903e-19  -2.865381006563571e-16  -7.17837614673253e-18  -2.7942685503631724e-16  -0.0009474813414549227  -4.626878189157163e-09  -0.00010558870355557181  -2.1164880545663807e-15  -0  -0  -0  -0  
0.4954955  0.7676768444444445  0  0.0001  1.6246592127670812e-18  -2.878428323571953e-16  -4.102937639925279e-18  -2.7612463585802886e-16  -0.0009337815357987416  -3.98346638509067e-09  -0.0001338545814034503  -2.336200002993223e-15  -0  -0  -0  -0  
0.4954955  0.7777778555555556  0  0.0001  1.9571916058039365e-18  -2.8891552454803283e-16  -4.892003028137203e-18  -2.7308940036951066e-16  -0.0009192324714881717  -1.9323598692155906e-09  -0.00016186698478465607  -2.571877193546552e-15  -0  -0  -0  -0  
0.4954955  0.7878788666666667  0  0.0001  -3.117053501499598e-19  -2.897583990696917e-16  -2.5480176688191178e-18  -2.6979769982222737e-16  -0.0009038443694865306  -8.037580674756034e-10  -0.00018957375922982716  -2.83588311001294e-15  -0  -0  -0  -0  
0.4954955  0.7979798777777778  0  0.0001  3.468099608425828e-18  -2.9035496561028756e-16  -3.2962884873808646e-18  -2.6625925449383114e-16  -0.0008876287279114262  -5.226792262217865e-09  -0.00021692349782492456  -3.120096636086176e-15  -0  -0  -0  -0  
0.4954955  0.808080888888889  0  0.0001  3.426643202248047e-19  -2.907203307362314e-16  -7.16273992027065e-18  -2.624694038743634e-16  -0.0008705983366820766  -1.633719477054927e-11  -0.00024386564226881545  -3.435221685924077e-15  -0  -0  -0  -0  
0.4954955  0.8181819  0  0.0001  -5.484700394611953e-19  -2.9083540990515313e-16  -3.903851210796235e-18  -2.5843741267853104e-16  -0.0008527672874531722  -4.6838226814674755e-09  -0.00027035058194171664  -3.781140683290288e-15  -0  -0  -0  -0  
0.4954955  0.8282829111111112  0  0.0001  1.5579775994429933e-18  -2.907165354044623e-16  -2.119603295149063e-18  -2.571041172110441e-16  -0.0008341509897880493  -5.166665033174103e-09  -0.0002963297507832086  -4.162774171124846e-15  -0  -0  -0  -0  
0.4954955  0.8383839222222222  0  0.0001  4.6515252065444136e-18  -2.9036251721408707e-16  -1.796445656285386e-18  -2.567269619662663e-16  -0.0008147661734062781  -2.455273318299743e-10  -0.0003217557217835132  -4.573586389444518e-15  -0  -0  -0  -0  
0.4954955  0.8484849333333333  0  0.0001  -1.2176759908256357e-18  -2.897651806374998e-16  -6.598251939519973e-18  -2.5612845358336217e-16  -0.0007946308987819688  -8.138932988690675e-10  -0.000346582298897419  -5.027603876910615e-15  -0  -0  -0  -0  
0.4954955  0.8585859444444445  0  0.0001  2.585948861311192e-18  -2.889274973220386e-16  -8.342339418596756e-19  -2.5530659665538923e-16  -0.000773764562368313  -1.6035284502779867e-09  -0.0003707646061955099  -5.5220922950921525e-15  -0  -0  -0  -0  
0.4954955  0.8686869555555555  0  0.0001  1.5780860627443936e-18  -2.878526981307129e-16  -3.2962478800921763e-18  -2.54281117074421e-16  -0.0007521878989539015  -1.225957370270799e-09  -0.00039425917407440256  -6.060090885698378e-15  -0  -0  -0  -0  
0.4954955  0.8787879666666668  0  0.0001  5.88301903109877e-19  -2.8653599059708073e-16  -7.203579367575398e-18  -2.5304074636663065e-16  -0.0007299229841158384  -1.5996660330202697e-09  -0.00041702402235326843  -6.639916399675866e-15  -0  -0  -0  -0  
0.4954955  0.8888889777777779  0  0.0001  1.0504288134054393e-18  -2.849857912179943e-16  -4.623769229597503e-18  -2.5223582173037694e-16  -0.0007069932339779643  -3.5686291732630386e-09  -0.0004390187400916049  -7.263857132899373e-15  -0  -0  -0  -0  
0.4954955  0.898989988888889  0  0.0001  2.395878260560889e-18  -2.8319945593078053e-16  -6.614580961004469e-18  -2.535110178637619e-16  -0.0006834234840451364  -8.884274254180099e-10  -0.000460204561970307  -7.943274210869548e-15  -0  -0  -0  -0  
0.4954955  0.9090910000000001  0  0.0001  1.4916890080708478e-18  -2.811865471004709e-16  -6.1256492356665555e-18  -2.545398008407758e-16  -0.0006592395940996451  -7.919586594570902e-10  -0.0004805444410854566  -8.675877916402101e-15  -0  -0  -0  -0  
0.4954955  0.9191920111111112  0  0.0001  5.5478686067460796e-18  -2.789418573800038e-16  -3.2261150732414557e-18  -2.553186833118768e-16  -0.0006344692302543354  -6.552798925092492e-09  -0.0005000031180123286  -9.468865665270158e-15  -0  -0  -0  -0  
0.4954955  0.9292930222222223  0  0.0001  2.790655849943465e-18  -2.764756370354869e-16  -2.5545559743252255e-18  -2.5585883964256766e-16  -0.0006091410781190233  -1.7195972941464724e-09  -0.0005185471860052799  -1.0326728861952925e-14  -0  -0  -0  -0  
0.4954955  0.9393940333333334  0  0.0001  1.8497845335065432e-18  -2.773112283748757e-16  -8.177623604333978e-18  -2.5613856418958886e-16  -0.0005832852492383805  -6.086666269809757e-09  -0.0005361451522077045  -1.1253403420020315e-14  -0  -0  -0  -0  
0.4954955  0.9494950444444445  0  0.0001  1.8010513714706414e-18  -2.79690437941726e-16  -4.182080114381951e-18  -2.561677695379148e-16  -0.0005569331167750112  -2.7579420202202877e-09  -0.0005527674947546355  -1.2252835943015724e-14  -0  -0  -0  -0  
0.4954955  0.9595960555555556  0  0.0001  2.8622536928223563e-18  -2.818201043191909e-16  -4.587918360492965e-18  -2.559426174222898e-16  -0.0005301174884786886  -5.913143620344526e-10  -0.0005683867156600946  -1.3325445555173302e-14  -0  -0  -0  -0  
0.4954955  0.9696970666666667  0  0.0001  4.0559862031506155e-18  -2.8370377380681506e-16  -4.760972845007321e-18  -2.554538095358911e-16  -0.0005028724434470243  -2.733047895290165e-09  -0.0005829773893897405  -1.448215292343165e-14  -0  -0  -0  -0  
0.4954955  0.9797980777777778  0  0.0001  4.595625825862525e-18  -2.853331155836396e-16  -3.678110553363636e-18  -2.54707756974245e-16  -0.0004752334345883421  -5.035752316858752e-11  -0.0005965162070293397  -1.5720301212300715e-14  -0  -0  -0  -0  
0.4954955  0.9898990888888889  0  0.0001  2.525272887795798e-18  -2.867068787015171e-16  -4.908030988860179e-18  -2.5369651366243313e-16  -0.0004472375353999857  -8.252345682737955e-10  -0.0006089820159686056  -1.7053806311370073e-14  -0  -0  -0  -0  
0.4954955  1.0000001  0  0.0001  6.257628613178257e-18  -2.8782036084887566e-16  -3.1688501281868078e-18  -2.5242491096943927e-16  -0.00041892246163092507  -1.236687795977127e-09  -0.0006203558550299431  -1.8482303001984354e-14  -0  -0  -0  -0  
15.668943503639609  0  0  0.0001  8.37795367004622e-17  -7.781753929778711e-17  0  0  8.27895647436448e-17  -8.128004547798807e-17  0  0  -0  -0  0  0  
15.668943503639609  0.010101011111111112  0  0.0001  8.482568775120063e-17  -7.852651116086442e-17  0  0  0.34393682734282066  -1.7252463143091846e-07  0  0  -0  -0  0  0  
15.668943503639609  0.020202022222222223  0  0.0001  1.0146748223395666e-16  -1.0389521458804208e-16  0  0  0.687487299257666  -5.396118806935718e-08  0  0  -0  -0  0  0  
15.668943503639609  0.030303033333333333  0  0.0001  8.25656043087022e-17  -9.860743849389427e-17  0  0  1.0302655428022869  -1.6543997195035654e-08  0  0  -0  -0  0  0  
15.668943503639609  0.04040404444444445  0  0.0001  8.794491462907968e-17  -8.663181154140058e-17  0  0  1.3718866431604586  -7.354539803629172e-07  0  0  -0  -0  0  0  
15.668943503639609  0.05050505555555556  0  0.0001  7.146806806230595e-17  -7.308657086566699e-17  0  0  1.7119671546101312  -1.3125479015526637e-08  0  0  -0  -0  0  0  
15.668943503639609  0.060606066666666666  0  0.0001  6.612092735837253e-17  -8.332606526305412e-17  0  0  2.0501254977266643  -7.45985947404394e-07  0  0  -0  -0  0  0  
15.668943503639609  0.07070707777777778  0  0.0001  6.689249298497504e-17  -1.1650143969855057e-16  0  0  2.385982600562499  -2.0929805062891554e-06  0  0  -0  -0  0  0  
15.668943503639609  0.0808080888888889  0  0.0001  1.9913121765924545e-16  -2.320783714401455e-16  0  0  2.71916213248377  -6.053837750779889e-10  0  0  -0  -0  0  0  
15.668943503639609  0.09090909999999999  0  0.0001  5.967610997491437e-17  -1.9113199354232157e-16  0  0  3.049291188444188  -9.408878174591551e-07  0  0  -0  -0  0  0  
15.668943503639609  0.10101011111111112  0  0.0001  2.0096530391902062e-16  -2.739915293451968e-16  0  0  3.3760006495785593  -4.3594190744493265e-07  0  0  -0  -0  0  0  
15.668943503639609  0.11111112222222223  0  0.0001  2.3572690735537503e-16  -3.841761127746687e-16  0  0  3.6989256638789456  -4.6153913045785234e-07  0  0  -0  -0  0  0  
15.668943503639609  0.12121213333333333  0  0.0001  6.49606672025009e-17  -2.6829171475134015e-16  0  0  4.017706101340187  -1.7602922231067905e-06  0  0  -0  -0  0  0  
15.668943503639609  0.13131314444444445  0  0.0001  2.974770633959916e-17  -2.55622340252261e-16  0  0  4.331987000769625  -5.552032286111241e-07  0  0  -0  -0  0  0  
15.668943503639609  0.14141415555555556  0  0.0001  1.0209485268506764e-16  -1.8873126207453222e-16  0  0  4.641419014050374  -1.4820123853097816e-06  0  0  -0  -0  0  0  
15.668943503639609  0.15151516666666667  0  0.0001  -1.0925260913828287e-16  -3.503260685235864e-16  0  0  4.945658837087644  -7.264756602949092e-07  0  0  -0  -0  0  0  
15.668943503639609  0.1616161777777778  0  0.0001  2.0968930625943287e-16  -3.902228035502411e-16  0  0  5.24436963921631  -6.630836040239488e-09  0  0  -0  -0  0  0  
15.668943503639609  0.1717171888888889  0  0.0001  1.2144498189838723e-16  -2.6789244060050745e-16  0  0  5.5372214798549155  -6.161785223545877e-08  0  0  -0  -0  0  0  
15.668943503639609  0.18181819999999999  0  0.0001  -7.780576112883789e-17  -3.4037730429153286e-16  0  0  5.823891718129647  -5.4571106932070025e-06  0  0  -0  -0  0  0  
15.668943503639609  0.19191921111111113  0  0.0001  -6.850679966479483e-17  -1.9910948944274546e-16  0  0  6.10406541275628  -1.9787292837335155e-08  0  0  -0  -0  0  0  
15.668943503639609  0.20202022222222224  0  0.0001  -4.714819486598328e-17  -3.9427839967658725e-16  0  0  6.377435707294338  -2.7134327521834122e-06  0  0  -0  -0  0  0  
15.668943503639609  0.21212123333333333  0  0.0001  2.422125926641863e-16  -6.345130757768741e-16  0  0  6.64370423135109  -9.58280969943096e-08  0  0  -0  -0  0  0  
15.668943503639609  0.22222224444444447  0  0.0001  -6.438912007208299e-17  -2.704356484098327e-16  0  0  6.902581425981473  -2.254338490271254e-06  0  0  -0  -0  0  0  
15.668943503639609  0.23232325555555558  0  0.0001  -9.430583421644592e-17  -2.626960687995378e-16  0  0  7.1537869435209585  -1.6627250182130642e-06  0  0  -0  -0  0  0  
15.668943503639609  0.24242426666666667  0  0.0001  1.4477997477820146e-17  -3.6007078322737705e-16  0  0  7.397049973996273  -4.898021751432597e-07  0  0  -0  -0  0  0  
15.668943503639609  0.2525252777777778  0  0.0001  1.7685950270914435e-16  -6.13478343977841e-16  0  0  7.632109577496046  -3.5581303700357424e-06  0  0  -0  -0  0  0  
15.668943503639609  0.2626262888888889  0  0.0001  -2.1644129721876575e-16  -6.571209740623161e-16  0  0  7.858715010306028  -2.3589822005945426e-06  0  0  -0  -0  0  0  
15.668943503639609  0.2727273  0  0.0001  -5.02412936393702e-16  -1.0818830870126589e-15  0  0  8.076626030691125  -1.6995560456904832e-06  0  0  -0  -0  0  0  
15.668943503639609  0.2828283111111111  0  0.0001  -3.762404106657565e-18  -4.803153070133659e-16  0  0  8.285613191055514  -2.3333386354231876e-06  0  0  -0  -0  0  0  
15.668943503639609  0.29292932222222223  0  0.0001  3.4411894705857156e-17  -4.896289516986269e-16  0  0  8.48545812197203  -1.7225912359550842e-06  0  0  -0  -0  0  0  
15.668943503639609  0.30303033333333335  0  0.0001  8.874697926485395e-17  -6.207734122901645e-16  0  0  8.675953656088  -7.805266908381762e-07  0  0  -0  -0  0  0  
15.668943503639609  0.31313134444444446  0  0.0001  1.1256882618657328e-16  -8.53830849375822e-16  0  0  8.8569047927516  -7.933027477798588e-07  0  0  -0  -0  0  0  
15.668943503639609  0.3232323555555556  0  0.0001  5.407860831381141e-16  -1.3515968774386754e-15  0  0  9.028127510457677  -4.309687717112263e-06  0  0  -0  -0  0  0  
15.668943503639609  0.3333333666666667  0  0.0001  2.307962291908812e-17  -8.742301276977044e-16  0  0  9.18945041274066  -1.6351103125881866e-08  0  0  -0  -0  0  0  
15.668943503639609  0.3434343777777778  0  0.0001  7.087333997016742e-17  -7.75308831961673e-16  0  0  9.34071425117479  -1.5483764912871223e-08  0  0  -0  -0  0  0  
15.668943503639609  0.35353538888888897  0  0.0001  3.0729096596048754e-16  -6.231302674113773e-16  0  0  9.481772205522756  -9.477365457851453e-06  0  0  -0  -0  0  0  
15.668943503639609  0.36363639999999997  0  0.0001  1.7083692964954008e-16  -6.005727541128405e-16  0  0  9.61249011953628  -4.99662306357901e-06  0  0  -0  -0  0  0  
15.668943503639609  0.37373741111111114  0  0.0001  6.373263544755838e-18  -6.540651195196157e-16  0  0  9.732746639170562  -1.522599260984452e-06  0  0  -0  -0  0  0  
15.668943503639609  0.38383842222222225  0  0.0001  8.166734308420966e-17  -6.038686135268893e-16  0  0  9.842433364979842  -3.369409486843513e-07  0  0  -0  -0  0  0  
15.668943503639609  0.39393943333333337  0  0.0001  4.0790637197343423e-16  -8.637767053111677e-16  0  0  9.941454988557053  -3.359394930793721e-07  0  0  -0  -0  0  0  
15.668943503639609  0.4040404444444445  0  0.0001  6.101178961822907e-17  -7.142169912256437e-16  0  0  10.029729409908985  -9.603395322722057e-06  0  0  -0  -0  0  0  
15.668943503639609  0.4141414555555556  0  0.0001  9.943078374877697e-17  -8.430033491891533e-16  0  0  10.10718784413767  -2.814905865484456e-06  0  0  -0  -0  0  0  
15.668943503639609  0.42424246666666665  0  0.0001  3.0524204110205025e-16  -1.0954401244005735e-15  0  0  10.173774911967595  -8.435592525882634e-07  0  0  -0  -0  0  0  
15.668943503639609  0.43434347777777776  0  0.0001  1.8633739477931368e-16  -7.57306611215075e-16  0  0  10.229448714532221  -5.840531935969213e-06  0  0  -0  -0  0  0  
15.668943503639609  0.44444448888888893  0  0.0001  4.085887977106073e-16  -9.245019598032894e-16  0  0  10.2741808912302  -1.0001452516940212e-06  0  0  -0  -0  0  0  
15.668943503639609  0.45454550000000005  0  0.0001  2.3012943882699717e-16  -7.142260937840612e-16  0  0  10.307956701825109  -7.975942113896364e-07  0  0  -0  -0  0  0  
15.668943503639609  0.46464651111111116  0  0.0001  4.350007527636637e-16  -8.727502771942452e-16  0  0  10.330774994521882  -2.7920791046197362e-06  0  0  -0  -0  0  0  
15.668943503639609  0.4747475222222223  0  0.0001  3.2002503424332304e-16  -8.06014146134174e-16  0  0  10.342648300076736  -3.306262236560329e-06  0  0  -0  -0  0  0  
15.668943503639609  0.48484853333333333  0  0.0001  3.741072274468373e-16  -8.885626638054276e-16  0  0  10.34360281006118  -3.5754015516835458e-06  0  0  -0  -0  0  0  
15.668943503639609  0.49494954444444444  0  0.0001  3.942924063586767e-16  -8.489145197855457e-16  0  0  10.333678385668785  -7.804732004964353e-06  0  0  -0  -0  0  0  
15.668943503639609  0.5050505555555556  0  0.0001  4.49749950231615e-16  -8.533361195074782e-16  0  0  10.312928551770518  -7.771564762260018e-06  0  0  -0  -0  0  0  
15.668943503639609  0.5151515666666667  0  0.0001  4.219978921890478e-16  -7.788203536518429e-16  0  0  10.281420483994163  -3.5810914518550674e-06  0  0  -0  -0  0  0  
15.668943503639609  0.5252525777777778  0  0.0001  5.9618713064505625e-16  -1.0601322068193873e-15  0  0  10.239234981040816  -3.326277817230044e-06  0  0  -0  -0  0  0  
15.668943503639609  0.535353588888889  0  0.0001  4.1706066895059953e-16  -1.291047165234634e-15  0  0  10.18646644326408  -2.752317353705336e-06  0  0  -0  -0  0  0  
15.668943503639609  0.5454546  0  0.0001  6.408638379268779e-16  -1.1921370050253199e-15  0  0  10.123222839642965  -7.910441123782734e-07  0  0  -0  -0  0  0  
15.668943503639609  0.5555556111111111  0  0.0001  6.661841285635224e-16  -1.3321242231911824e-15  0  0  10.049625666717072  -6.712383024871475e-07  0  0  -0  -0  0  0  
15.668943503639609  0.5656566222222222  0  0.0001  5.934202769329168e-16  -1.1824190459202072e-15  0  0  9.965809951757118  -6.094260748371411e-06  0  0  -0  -0  0  0  
15.668943503639609  0.5757576333333334  0  0.0001  6.850352057719655e-16  -1.2824798043875143e-15  0  0  9.871924157977029  -8.939975554628221e-07  0  0  -0  -0  0  0  
15.668943503639609  0.5858586444444445  0  0.0001  5.499434210637804e-16  -1.2559992349187008e-15  0  0  9.768130222091457  -2.735009536924738e-06  0  0  -0  -0  0  0  
15.668943503639609  0.5959596555555556  0  0.0001  5.860944584719463e-16  -1.0445588432497614e-15  0  0  9.654603512522648  -9.168074015127597e-06  0  0  -0  -0  0  0  
15.668943503639609  0.6060606666666667  0  0.0001  5.220134490753046e-16  -1.1883980753894112e-15  0  0  9.531532831895078  -3.0904736130387565e-07  0  0  -0  -0  0  0  
15.668943503639609  0.6161616777777777  0  0.0001  5.20555177313941e-16  -9.755056302124301e-16  0  0  9.399120428513056  -3.842215711430232e-07  0  0  -0  -0  0  0  
15.668943503639609  0.6262626888888889  0  0.0001  5.632121171468426e-16  -8.110166352924793e-16  0  0  9.257582034383748  -1.435343726960388e-06  0  0  -0  -0  0  0  
15.668943503639609  0.6363637  0  0.0001  5.640750943054833e-16  -9.26357834289672e-16  0  0  9.10714692527366  -4.706575931425027e-06  0  0  -0  -0  0  0  
15.668943503639609  0.6464647111111111  0  0.0001  6.330355337847146e-16  -9.05395441362803e-16  0  0  8.94805801299348  -8.866371354267311e-06  0  0  -0  -0  0  0  
15.668943503639609  0.6565657222222222  0  0.0001  3.15101012154308e-16  -6.181899117146408e-16  0  0  8.780571965936064  -5.853830285258724e-09  0  0  -0  -0  0  0  
15.668943503639609  0.6666667333333334  0  0.0001  2.792470496496954e-16  -7.858701780027302e-16  0  0  8.604959395032704  -2.0259738930582805e-10  0  0  -0  -0  0  0  
15.668943503639609  0.6767677444444444  0  0.0001  6.110752041571262e-16  -8.509359005077574e-16  0  0  8.42150506745662  -4.050295845441044e-06  0  0  -0  -0  0  0  
15.668943503639609  0.6868687555555556  0  0.0001  3.4895053923110125e-16  -6.622935343174274e-16  0  0  8.230508126490987  -1.1310201046300616e-06  0  0  -0  -0  0  0  
15.668943503639609  0.6969697666666667  0  0.0001  2.8266565946928343e-16  -5.26335375931875e-16  0  0  8.032282769420693  -2.5359094930732907e-08  0  0  -0  -0  0  0  
15.668943503639609  0.7070707777777779  0  0.0001  3.734784055362246e-16  -6.27377605351707e-16  0  0  7.827158022617719  -1.5319568311708047e-06  0  0  -0  -0  0  0  
15.668943503639609  0.7171717888888889  0  0.0001  2.8143264909321705e-16  -6.331905899015876e-16  0  0  7.615478912416532  -2.0543482430465074e-06  0  0  -0  -0  0  0  
15.668943503639609  0.7272727999999999  0  0.0001  2.7040165414311203e-16  -3.8417697539279166e-16  0  0  7.397606751773843  -1.4496469855232207e-06  0  0  -0  -0  0  0  
15.668943503639609  0.7373738111111112  0  0.0001  5.088417457366832e-16  -8.276605684325793e-16  0  0  7.1739199352348395  -2.0816822650091427e-06  0  0  -0  -0  0  0  
15.668943503639609  0.7474748222222223  0  0.0001  4.680320837675525e-16  -7.248368750496392e-16  0  0  6.944814789466841  -3.223993209803708e-06  0  0  -0  -0  0  0  
15.668943503639609  0.7575758333333334  0  0.0001  3.842100416853896e-16  -6.222681271775084e-16  0  0  6.710706559964358  -4.425572045870112e-07  0  0  -0  -0  0  0  
15.668943503639609  0.7676768444444445  0  0.0001  4.0031593956929344e-16  -5.095533918150744e-16  0  0  6.472030550769225  -1.4777934690423995e-06  0  0  -0  -0  0  0  
15.668943503639609  0.7777778555555556  0  0.0001  2.948508497907274e-16  -5.380760365966507e-16  0  0  6.229243423974444  -2.1011073616042737e-06  0  0  -0  -0  0  0  
15.668943503639609  0.7878788666666667  0  0.0001  2.801141306251444e-16  -5.951047567669346e-16  0  0  5.982824676828199  -9.104646169841558e-08  0  0  -0  -0  0  0  
15.668943503639609  0.7979798777777778  0  0.0001  3.7932736985429046e-16  -5.761354624404433e-16  0  0  5.7332783041102084  -2.3534567474203485e-06  0  0  -0  -0  0  0  
15.668943503639609  0.808080888888889  0  0.0001  1.6222948077411255e-16  -4.313443285354838e-16  0  0  5.481134657040601  -3.10856713787499e-08  0  0  -0  -0  0  0  
15.668943503639609  0.8181819  0  0.0001  2.9810112426090596e-16  -4.988431075082876e-16  0  0  5.2269524980556845  -4.821403682894875e-06  0  0  -0  -0  0  0  
15.668943503639609  0.8282829111111112  0  0.0001  2.8071571695014624e-16  -5.509676134512526e-16  0  0  4.971321258055693  -5.331861506085165e-08  0  0  -0  -0  0  0  
15.668943503639609  0.8383839222222222  0  0.0001  2.000768224898808e-16  -3.648832770027865e-16  0  0  4.714863479877436  -5.8661052626151345e-09  0  0  -0  -0  0  0  
15.668943503639609  0.8484849333333333  0  0.0001  1.7060406096830764e-16  -3.5191392375254557e-16  0  0  4.458237429699219  -5.967453245683862e-07  0  0  -0  -0  0  0  
15.668943503639609  0.8585859444444445  0  0.0001  2.7235976792724095e-16  -4.5064129668408e-16  0  0  4.20213983498243  -1.3197017392753623e-06  0  0  -0  -0  0  0  
15.668943503639609  0.8686869555555555  0  0.0001  1.5050019657618562e-16  -3.414435393479275e-16  0  0  3.94730869367241  -4.6334396449124835e-07  0  0  -0  -0  0  0  
15.668943503639609  0.8787879666666668  0  0.0001  1.3119078779079222e-16  -3.338087783745376e-16  0  0  3.6945260527155344  -1.4938233230583862e-06  0  0  -0  -0  0  0  
15.668943503639609  0.8888889777777779  0  0.0001  1.6660060746292598e-16  -3.484767240176393e-16  0  0  3.4446206199702716  -3.896469871397828e-07  0  0  -0  -0  0  0  
15.668943503639609  0.898989988888889  0  0.0001  1.178496302655461e-16  -3.4441935848583933e-16  0  0  3.198470008530363  -3.615025622887623e-07  0  0  -0  -0  0  0  
15.668943503639609  0.9090910000000001  0  0.0001  1.0919656560936353e-16  -2.875261126073949e-16  0  0  2.9570023181333767  -7.735356028377318e-07  0  0  -0  -0  0  0  
15.668943503639609  0.9191920111111112  0  0.0001  1.2790745250374103e-16  -3.654123714723401e-16  0  0  2.7211966401076055  -1.903719792051798e-07  0  0  -0  -0  0  0  
15.668943503639609  0.9292930222222223  0  0.0001  8.360189743938226e-17  -3.6795146447207557e-16  0  0  2.4920818831866693  -1.7695750098382446e-06  0  0  -0  -0  0  0  
15.668943503639609  0.9393940333333334  0  0.0001  7.417585918233024e-17  -3.795086849936578e-16  0  0  2.2707330343999153  -3.690414196081616e-07  0  0  -0  -0  0  0  
15.668943503639609  0.9494950444444445  0  0.0001  6.851827543265819e-17  -3.9459761110080193e-16  0  0  2.058263688624656  -1.047187474079245e-08  0  0  -0  -0  0  0  
15.668943503639609  0.9595960555555556  0  0.0001  5.455462489948154e-17  -4.08196010466866e-16  0  0  1.8558125347413734  -5.951715683122616e-07  0  0  -0  -0  0  0  
15.668943503639609  0.9696970666666667  0  0.0001  4.4152997054905014e-17  -4.2034278468664353e-16  0  0  1.6645212681401815  -3.070384923665657e-07  0  0  -0  -0  0  0  
15.668943503639609  0.9797980777777778  0  0.0001  3.804649022264441e-17  -4.302070672400161e-16  0  0  1.4854982832391774  -5.0213689724930215e-08  0  0  -0  -0  0  0  
15.668943503639609  0.9898990888888889  0  0.0001  3.239222484485181e-17  -4.359785217253226e-16  0  0  1.319757720689897  -4.6813280555724604e-07  0  0  -0  -0  0  0  
15.668943503639609  1.0000001  0  0.0001  2.473767578237346e-17  -4.350008756796365e-16  0  0  1.1681099105948076  -5.453375094995813e-07  0  0  -0  -0  0  0  
495.4954999999998  0  0  0.0001  5.341701064471932e-17  -1.025756083903572e-16  0  0  8.060456677548617e-17  -1.5550708668759068e-16  0  0  -0  -0  0  0  
495.4954999999998  0.010101011111111112  0  0.0001  2.1008534610527203e-16  -4.017433011618227e-16  0  0  10.156053962155939  -9.091516631783862e-09  0  0  -0  -0  0  0  
495.4954999999998  0.020202022222222223  0  0.0001  1.4009548965066276e-15  -2.706509154634353e-15  0  0  20.300698963284457  -1.252520345742663e-08  0  0  -0  -0  0  0  
495.4954999999998  0.030303033333333333  0  0.0001  1.8734528903445855e-15  -3.597692282725864e-15  0  0  30.42254028298174  -1.8171039991627102e-05  0  0  -0  -0  0  0  
495.4954999999998  0.04040404444444445  0  0.0001  2.4601926177834954e-16  -4.558671506154301e-16  0  0  40.510211662595836  -3.2407112936148765e-07  0  0  -0  -0  0  0  
495.4954999999998  0.05050505555555556  0  0.0001  1.3534127818075207e-15  -2.578816690349041e-15  0  0  50.552389490056484  -1.4372559890519136e-05  0  0  -0  -0  0  0  
495.4954999999998  0.060606066666666666  0  0.0001  4.951678727889861e-16  -9.460112549578239e-16  0  0  60.53780693237007  -3.8042136798524405e-05  0  0  -0  -0  0  0  
495.4954999999998  0.07070707777777778  0  0.0001  1.3225690886667442e-16  -2.509466646759451e-16  0  0  70.45526798006665  -8.474920421532351e-07  0  0  -0  -0  0  0  
495.4954999999998  0.0808080888888889  0  0.0001  4.552622540575008e-14  -8.60724095416719e-14  0  0  80.29366141908496  -2.952282790954288e-06  0  0  -0  -0  0  0  
495.4954999999998  0.09090909999999999  0  0.0001  6.167148687816242e-17  -1.115181271384985e-16  0  0  90.04197467518496  -3.2379212638611794e-06  0  0  -0  -0  0  0  
495.4954999999998  0.10101011111111112  0  0.0001  5.309726696919949e-16  -9.964424859380864e-16  0  0  99.6893075374945  -2.7784574984254386e-05  0  0  -0  -0  0  0  
495.4954999999998  0.11111112222222223  0  0.0001  2.980545483768958e-14  -5.593016555599688e-14  0  0  109.22488573077577  -2.795498189365964e-05  0  0  -0  -0  0  0  
495.4954999999998  0.12121213333333333  0  0.0001  6.930266152752096e-17  -1.277493475118622e-16  0  0  118.63807432457058  -2.609512376440185e-07  0  0  -0  -0  0  0  
495.4954999999998  0.13131314444444445  0  0.0001  2.459062720644705e-16  -4.58014088533947e-16  0  0  127.91839096119521  -1.3593370142333242e-05  0  0  -0  -0  0  0  
495.4954999999998  0.14141415555555556  0  0.0001  7.81219141999013e-14  -1.457200812200807e-13  0  0  137.05551888066805  -7.346159100503503e-06  0  0  -0  -0  0  0  
495.4954999999998  0.15151516666666667  0  0.0001  3.0093608198160926e-16  -5.610182731848404e-16  0  0  146.03931970048822  -5.3121419558452286e-05  0  0  -0  -0  0  0  
495.4954999999998  0.1616161777777778  0  0.0001  3.0958498678648943e-17  -5.4895789972614585e-17  0  0  154.85984612438855  -2.4383900849605693e-05  0  0  -0  -0  0  0  
495.4954999999998  0.1717171888888889  0  0.0001  9.221574621108554e-15  -1.7126515947598874e-14  0  0  163.50735406031288  -7.732924961460239e-05  0  0  -0  -0  0  0  
495.4954999999998  0.18181819999999999  0  0.0001  5.694881410201948e-15  -1.0576653651864151e-14  0  0  171.9723102368726  -5.727356470722121e-05  0  0  -0  -0  0  0  
495.4954999999998  0.19191921111111113  0  0.0001  2.0320235785491508e-17  -3.474595353968011e-17  0  0  180.24542680426507  -0.00013456858311062953  0  0  -0  -0  0  0  
495.4954999999998  0.20202022222222224  0  0.0001  3.424036732619586e-16  -6.340328988691754e-16  0  0  188.3176271867687  -5.155370814910411e-06  0  0  -0  -0  0  0  
495.4954999999998  0.21212123333333333  0  0.0001  7.287560590241036e-14  -1.3498463339419212e-13  0  0  196.18010282122353  -5.87295791241515e-06  0  0  -0  -0  0  0  
495.4954999999998  0.22222224444444447  0  0.0001  7.131604006140455e-16  -1.3208619235005738e-15  0  0  203.82430125774124  -0.00016406313526604066  0  0  -0  -0  0  0  
495.4954999999998  0.23232325555555558  0  0.0001  1.2592935827640471e-17  -2.1443444164369367e-17  0  0  211.24194115272448  -5.6347458799697155e-05  0  0  -0  -0  0  0  
495.4954999999998  0.24242426666666667  0  0.0001  2.5390114799875024e-15  -4.698550360472195e-15  0  0  218.42502246797898  -3.8015861273764463e-06  0  0  -0  -0  0  0  
495.4954999999998  0.2525252777777778  0  0.0001  3.610673368713358e-14  -6.681747322097786e-14  0  0  225.3658362645945  -7.551908693564088e-06  0  0  -0  -0  0  0  
495.4954999999998  0.2626262888888889  0  0.0001  1.4788945355336966e-16  -2.730872608123445e-16  0  0  232.05697402687858  -3.422919275161998e-05  0  0  -0  -0  0  0  
495.4954999999998  0.2727273  0  0.0001  6.482932358782605e-17  -1.1880328000352693e-16  0  0  238.4913367481198  -6.158781977346748e-07  0  0  -0  -0  0  0  
495.4954999999998  0.2828283111111111  0  0.0001  1.4902557889181554e-14  -2.7603418564011582e-14  0  0  244.66214347771594  -3.7267632785313662e-06  0  0  -0  -0  0  0  
495.4954999999998  0.29292932222222223  0  0.0001  7.359559141312242e-15  -1.3631796408310405e-14  0  0  250.56293957092532  -0.0001740819371648723  0  0  -0  -0  0  0  
495.4954999999998  0.30303033333333335  0  0.0001  3.2619340453069734e-17  -5.576227148452062e-17  0  0  256.18760436530795  -5.291765435054005e-07  0  0  -0  -0  0  0  
495.4954999999998  0.31313134444444446  0  0.0001  6.003118720039255e-16  -1.1146308536973323e-15  0  0  261.5303586135677  -5.216935693179969e-07  0  0  -0  -0  0  0  
495.4954999999998  0.3232323555555556  0  0.0001  4.6935247602848776e-14  -8.716926693250416e-14  0  0  266.58577129733254  -0.000168636044060303  0  0  -0  -0  0  0  
495.4954999999998  0.3333333666666667  0  0.0001  8.559789488031204e-16  -1.5892100903324668e-15  0  0  271.3487660344209  -1.1581765426386845e-06  0  0  -0  -0  0  0  
495.4954999999998  0.3434343777777778  0  0.0001  5.954044224605036e-17  -1.0340410336202127e-16  0  0  275.8146271039818  -1.6133003886787542e-05  0  0  -0  -0  0  0  
495.4954999999998  0.35353538888888897  0  0.0001  1.0148309214121392e-14  -1.8929508583350786e-14  0  0  279.9790049648094  -6.298083806313211e-05  0  0  -0  -0  0  0  
495.4954999999998  0.36363639999999997  0  0.0001  7.80001296546623e-15  -1.4549106315789633e-14  0  0  283.8379211640975  -8.427813049688324e-07  0  0  -0  -0  0  0  
495.4954999999998  0.37373741111111114  0  0.0001  6.024068274298246e-17  -1.0492713887774288e-16  0  0  287.38777301043143  -2.077884657958388e-06  0  0  -0  -0  0  0  
495.4954999999998  0.38383842222222225  0  0.0001  3.4216300020574312e-15  -6.420314357711668e-15  0  0  290.6253375278831  -0.00010002616364209954  0  0  -0  -0  0  0  
495.4954999999998  0.39393943333333337  0  0.0001  1.5377303714540564e-14  -2.885531974464066e-14  0  0  293.54777506643075  -0.000263323345908878  0  0  -0  -0  0  0  
495.4954999999998  0.4040404444444445  0  0.0001  1.4926564650368298e-16  -2.637703216386048e-16  0  0  296.1526323395336  -3.755406135559138e-05  0  0  -0  -0  0  0  
495.4954999999998  0.4141414555555556  0  0.0001  4.767884733550461e-15  -9.0130313722187e-15  0  0  298.437845037031  -1.1117984991391706e-05  0  0  -0  -0  0  0  
495.4954999999998  0.42424246666666665  0  0.0001  7.969964895423666e-15  -1.5064544388479687e-14  0  0  300.40173974814047  -0.000130260766079866  0  0  -0  -0  0  0  
495.4954999999998  0.43434347777777776  0  0.0001  3.882928304761708e-16  -6.979414434629802e-16  0  0  302.0430356466203  -1.0404954452887604e-06  0  0  -0  -0  0  0  
495.4954999999998  0.44444448888888893  0  0.0001  1.5075911198052222e-14  -2.874542439039833e-14  0  0  303.36084555121596  -7.181173395352462e-05  0  0  -0  -0  0  0  
495.4954999999998  0.45454550000000005  0  0.0001  8.477292169888816e-16  -1.5528394338385365e-15  0  0  304.3546762860464  -0.00015393049068336879  0  0  -0  -0  0  0  
495.4954999999998  0.46464651111111116  0  0.0001  9.633266534426426e-15  -1.8525526035701385e-14  0  0  305.02442894043435  -2.4154336806318908e-05  0  0  -0  -0  0  0  
495.4954999999998  0.4747475222222223  0  0.0001  1.5655620624824295e-15  -2.923796855089124e-15  0  0  305.3703980848701  -0.0002964472201474965  0  0  -0  -0  0  0  
495.4954999999998  0.48484853333333333  0  0.0001  5.844858531496301e-15  -1.115445003908983e-14  0  0  305.39327111834257  -4.949176574884292e-05  0  0  -0  -0  0  0  
495.4954999999998  0.49494954444444444  0  0.0001  4.7037484330671735e-15  -9.036411549916451e-15  0  0  305.0941265164221  -6.360770270132122e-05  0  0  -0  -0  0  0  
495.4954999999998  0.5050505555555556  0  0.0001  4.384852088154335e-15  -8.414883808244067e-15  0  0  304.4744319595012  -6.394654724887389e-05  0  0  -0  -0  0  0  
495.4954999999998  0.5151515666666667  0  0.0001  4.793684174424389e-15  -9.144765876887997e-15  0  0  303.5360418027209  -4.959371484364065e-05  0  0  -0  -0  0  0  
495.4954999999998  0.5252525777777778  0  0.0001  1.3149427227190278e-15  -2.4553654623361306e-15  0  0  302.28119399311043  -0.00029454582457058077  0  0  -0  -0  0  0  
495.4954999999998  0.535353588888889  0  0.0001  6.035290636188552e-15  -1.160072476479394e-14  0  0  300.71250672287056  -2.3741641405642478e-05  0  0  -0  -0  0  0  
495.4954999999998  0.5454546  0  0.0001  6.532955494284322e-16  -1.1966722972979934e-15  0  0  298.8329744288015  -0.00015365024677095187  0  0  -0  -0  0  0  
495.4954999999998  0.5555556111111111  0  0.0001  7.0167014635900716e-15  -1.3377620176208742e-14  0  0  296.64595631987  -0.00015948460826900935  0  0  -0  -0  0  0  
495.4954999999998  0.5656566222222222  0  0.0001  2.881203993133432e-16  -5.17882938815185e-16  0  0  294.1552058757827  -1.0270225830293285e-06  0  0  -0  -0  0  0  
495.4954999999998  0.5757576333333334  0  0.0001  3.577093264211741e-15  -6.759635821196949e-15  0  0  291.3647969426486  -0.00012741445172659616  0  0  -0  -0  0  0  
495.4954999999998  0.5858586444444445  0  0.0001  2.2480244124570475e-15  -4.248961445305012e-15  0  0  288.2791862561633  -1.0730983835863992e-05  0  0  -0  -0  0  0  
495.4954999999998  0.5959596555555556  0  0.0001  1.104392386097262e-16  -1.9515936158153994e-16  0  0  284.9031729699885  -3.6258234554587305e-05  0  0  -0  -0  0  0  
495.4954999999998  0.6060606666666667  0  0.0001  4.305746968000087e-15  -8.079466887802773e-15  0  0  281.2418987347432  -0.00023836904097162637  0  0  -0  -0  0  0  
495.4954999999998  0.6161616777777777  0  0.0001  1.384154885535515e-15  -2.5969511517072412e-15  0  0  277.3008404958672  -9.588837192324505e-05  0  0  -0  -0  0  0  
495.4954999999998  0.6262626888888889  0  0.0001  4.538932853467632e-17  -7.905906665035387e-17  0  0  273.0858028441037  -2.00368119015875e-06  0  0  -0  -0  0  0  
495.4954999999998  0.6363637  0  0.0001  2.201661341273673e-15  -4.106562366766109e-15  0  0  268.60291002392074  -7.728072157145183e-07  0  0  -0  -0  0  0  
495.4954999999998  0.6464647111111111  0  0.0001  2.453203818500465e-15  -4.575894012470761e-15  0  0  263.85859766941695  -5.80561746749999e-05  0  0  -0  -0  0  0  
495.4954999999998  0.6565657222222222  0  0.0001  4.07336467517662e-17  -7.016430502912432e-17  0  0  258.85960360298066  -1.4584700744576355e-05  0  0  -0  -0  0  0  
495.4954999999998  0.6666667333333334  0  0.0001  3.613787568856387e-16  -6.7064941264155455e-16  0  0  253.61295909172486  -1.0631103727090008e-06  0  0  -0  -0  0  0  
495.4954999999998  0.6767677444444444  0  0.0001  4.0445778314904465e-15  -7.511682363474629e-15  0  0  248.12597888794983  -0.00015197547148356502  0  0  -0  -0  0  0  
495.4954999999998  0.6868687555555556  0  0.0001  2.5293334107882625e-16  -4.694591274761038e-16  0  0  242.40625160225196  -4.86741261944019e-07  0  0  -0  -0  0  0  
495.4954999999998  0.6969697666666667  0  0.0001  2.251428768851581e-17  -3.848783568486101e-17  0  0  236.4616292974542  -4.946264545600283e-07  0  0  -0  -0  0  0  
495.4954999999998  0.7070707777777779  0  0.0001  1.2072755953909975e-15  -2.236160838957182e-15  0  0  230.30021694655827  -0.0001606799202908674  0  0  -0  -0  0  0  
495.4954999999998  0.7171717888888889  0  0.0001  1.678672342959952e-15  -3.1093307134221313e-15  0  0  223.9303615787902  -3.6490449690372437e-06  0  0  -0  -0  0  0  
495.4954999999998  0.7272727999999999  0  0.0001  3.547717197840509e-17  -6.446360389101767e-17  0  0  217.36064112803285  -5.719343278266461e-07  0  0  -0  -0  0  0  
495.4954999999998  0.7373738111111112  0  0.0001  7.005266184518594e-17  -1.2909730754314261e-16  0  0  210.59985275911538  -3.2844739507223774e-05  0  0  -0  -0  0  0  
495.4954999999998  0.7474748222222223  0  0.0001  1.7911035208444224e-15  -3.3145309460716676e-15  0  0  203.6570014064182  -6.816472339522346e-06  0  0  -0  -0  0  0  
495.4954999999998  0.7575758333333334  0  0.0001  4.884989598392387e-16  -9.039605670572994e-16  0  0  196.5412876701405  -3.471449288339365e-06  0  0  -0  -0  0  0  
495.4954999999998  0.7676768444444445  0  0.0001  8.787823306210708e-18  -1.4964040163046764e-17  0  0  189.26209552663025  -5.073891881440097e-05  0  0  -0  -0  0  0  
495.4954999999998  0.7777778555555556  0  0.0001  1.8544912196179225e-16  -3.4340360611887254e-16  0  0  181.8289802021105  -0.00014653669986257895  0  0  -0  -0  0  0  
495.4954999999998  0.7878788666666667  0  0.0001  1.3797281614840016e-15  -2.5556146589240305e-15  0  0  174.25165511139633  -5.187270957315888e-06  0  0  -0  -0  0  0  
495.4954999999998  0.7979798777777778  0  0.0001  1.0500899398617402e-16  -1.9431958164323616e-16  0  0  166.5399793007647  -4.564513412207691e-06  0  0  -0  -0  0  0  
495.4954999999998  0.808080888888889  0  0.0001  1.1724674116152264e-17  -2.00431533347319e-17  0  0  158.70394455742758  -0.00011735692302546775  0  0  -0  -0  0  0  
495.4954999999998  0.8181819  0  0.0001  4.3891121905085877e-16  -8.151402337619746e-16  0  0  150.7536616663082  -3.683200217205332e-05  0  0  -0  -0  0  0  
495.4954999999998  0.8282829111111112  0  0.0001  5.05579652322053e-16  -9.389592355035498e-16  0  0  142.6993493764424  -6.739693819028142e-05  0  0  -0  -0  0  0  
495.4954999999998  0.8383839222222222  0  0.0001  1.468832941721494e-17  -2.5334303575706063e-17  0  0  134.5513095713821  -5.3820254827206045e-05  0  0  -0  -0  0  0  
495.4954999999998  0.8484849333333333  0  0.0001  7.08869405332868e-17  -1.3198058276542724e-16  0  0  126.31995409106717  -4.675873147622759e-05  0  0  -0  -0  0  0  
495.4954999999998  0.8585859444444445  0  0.0001  5.346705363183544e-16  -9.973105148517487e-16  0  0  118.01571699812281  -6.130799517252019e-06  0  0  -0  -0  0  0  
495.4954999999998  0.8686869555555555  0  0.0001  5.659616442284874e-17  -1.0507555652140552e-16  0  0  109.6491133868332  -1.197247111497713e-05  0  0  -0  -0  0  0  
495.4954999999998  0.8787879666666668  0  0.0001  2.0849324825261847e-17  -3.767010474823188e-17  0  0  101.23068999406215  -4.330682719201925e-07  0  0  -0  -0  0  0  
495.4954999999998  0.8888889777777779  0  0.0001  2.859262281686245e-16  -5.365273793322546e-16  0  0  92.77101834457693  -2.44887394571081e-05  0  0  -0  -0  0  0  
495.4954999999998  0.898989988888889  0  0.0001  6.872779725169936e-17  -1.284652211650883e-16  0  0  84.28068145735166  -2.2660467793739495e-05  0  0  -0  -0  0  0  
495.4954999999998  0.9090910000000001  0  0.0001  1.8759502014397912e-17  -3.315012377944093e-17  0  0  75.77025996642294  -2.245104465419156e-06  0  0  -0  -0  0  0  
495.4954999999998  0.9191920111111112  0  0.0001  1.596410838837303e-16  -3.0177498831602495e-16  0  0  67.25031862772059  -2.4762355577893646e-06  0  0  -0  -0  0  0  
495.4954999999998  0.9292930222222223  0  0.0001  2.7274365445500504e-17  -4.915868789777992e-17  0  0  58.7313926449689  -7.122373695149853e-07  0  0  -0  -0  0  0  
495.4954999999998  0.9393940333333334  0  0.0001  3.983589189170569e-17  -7.510622954376466e-17  0  0  50.22397428570438  -3.255076408944912e-05  0  0  -0  -0  0  0  
495.4954999999998  0.9494950444444445  0  0.0001  5.292972680020966e-17  -1.0015884857783664e-16  0  0  41.738499408770664  -1.1722611663749592e-05  0  0  -0  -0  0  0  
495.4954999999998  0.9595960555555556  0  0.0001  1.63384080370513e-17  -2.991202628037733e-17  0  0  33.28533419199551  -2.138535288001278e-07  0  0  -0  -0  0  0  
495.4954999999998  0.9696970666666667  0  0.0001  2.6596565927956415e-17  -4.9833565859311546e-17  0  0  24.874762944044843  -1.541417036914312e-05  0  0  -0  -0  0  0  
495.4954999999998  0.9797980777777778  0  0.0001  1.1308408811176118e-17  -2.0933576656442424e-17  0  0  16.517078959152055  -8.34652221005754e-06  0  0  -0  -0  0  0  
495.4954999999998  0.9898990888888889  0  0.0001  5.861775226006699e-18  -1.0705896882943142e-17  0  0  8.234556781993652  -3.5285403800804238e-06  0  0  -0  -0  0  0  
495.4954999999998  1.0000001  0  0.0001  2.3533114518997065e-18  -2.8693942833016102e-18  0  0  1.0517626783365586  -1.1570042360037018e-05  0  0  -0  -0  0  0  
