Ld    10.0
Ls    10.0
Rd    10.0
Rs    10.0
atol    1e-5
m_N    75
m_end    20
m_start    0.01
mode_d    TE011
mode_s    TE011
omega    4.954955e-01
rtol    1e-3
sep    1e-3

m    overlap 
------------------------------------------------------------------------------

0.010000000000000004  3.980404145558424e-08
0.011081754211177982  6.652843966978465e-08
0.012280527639696098  1.111977631159891e-07
0.013608978888668978  1.8586398608005439e-07
0.015081135910933961  3.1067570827869445e-07
0.016712544139034  5.19320086158691e-07
0.018520430639223782  8.681250657396063e-07
0.020523886022904787  1.4512867084376596e-06
0.0227440660364062  2.4263490398499e-06
0.025204414957825452  4.056851209368203e-06
0.027930913159915954  6.783732830762635e-06
0.0309523514531945  1.1344939425430867e-05
0.0343006351062299  1.8975865583225203e-05
0.03801112075345425  3.1745479844025044e-05
0.04212298974811862  5.3120401075924235e-05
0.046679661902862074  8.89123883517331e-05
0.05172925398684059  0.0001488716540757933
0.05732508782097661  0.000249369824537493
0.06352625333662552  0.0004179251927922956
0.07039823254335088  0.0007008506075850579
0.07801359099467654  0.0011762094739036213
0.08645274405343735  0.001975827090458118
0.09580480604820715  0.0033228137482321342
0.10616853128758093  0.005595786990445758
0.11765335686907308  0.00943930614565986
0.13038055829430764  0.01595479188484206
0.14448453009336792  0.027032592600279362
0.1601142049812252  0.045933371687630606
0.17743462653201067  0.07831306516534413
0.19662869197799018  0.13404180171436814
0.21789908353655107  0.23044851659582244
0.24147040865929967  0.39811682691299966
0.26759157180350623  0.691162930605965
0.296538402770924  1.2049600568737728
0.32861656936826794  2.1042345030010354
0.36416480514596633  3.655642949691762
0.4035584862989121  6.199318830069145
0.4472135954999579  9.613384735562201
0.4955911145227707  7.21641978824361
0.5492018920385103  3.449118293659582
0.6086120379884674  2.633234646937366
0.674448901495231  2.255393902638733
0.7474076954369143  2.042254421120776
0.8282588376374851  1.9092665402984181
0.9178560861934585  1.8210222440138493
1.0171455548429695  1.7600100688497786
1.1271757035762047  1.7165872370891753
1.2491084099843104  1.6850232880905545
1.384231238256146  1.661712845437775
1.5339710353789162  1.6442855033621204
1.6999089981135347  1.631128948377463
1.8837973698463997  1.6211163311277434
2.0875779436301336  1.6134448994277881
2.313402566798551  1.6075334273711857
2.5636558636769786  1.6029549692111755
2.8409804163313495  1.5993925320700022
3.1483046692554093  1.596609760711901
3.488873852659245  1.5944286283068108
3.866284250897532  1.5927129162568359
4.284521177899485  1.5913598002991194
4.748001060606884  1.5902885871502637
5.261618074805784  1.589440446128629
5.830795825808916  1.5887657760792608
6.461544619717698  1.588226705771188
7.1605249300270986  1.5877994381750924
7.935117729757269  1.5874566572787934
8.79350243179307  1.5871823962763736
9.744743260452665  1.5869624029249252
10.798884966336962  1.586785938812965
11.967058895173128  1.5866439137243942
13.261600530699955  1.5865298005894817
14.696179752804445  1.5864374158534638
16.28594518638692  1.5863621389596434
18.047684165225707  1.5863020032307225
19.99999999999999  1.5862511318119659
