Ld    0.3
Ls    0.3
Rd    15.0
Rs    15.0
atol    1e-6
m_N    10
m_end    12
m_start    10.6
mode_d    TE011
mode_s    TE011
omega    1.047509e+01
rtol    1e-3
sep    1e-3

m    overlap 
------------------------------------------------------------------------------

10.6  2654.9661144236493
10.74711803375629  1551.9735844876832
10.896277927499021  1130.9667732238663
11.047508020325033  902.3488101516215
11.200837044651168  757.3359240024903
11.356294131673215  656.7397581064394
11.513908816900555  582.7358793886298
11.673711045767691  525.9800296241732
11.835731179323576  481.07558981743534
