Ld    0.3
Ls    0.3
Rd    15.0
Rs    15.0
atol    1e-6
m_N    7
m_end    200
m_start    0.5
mode_d    TE011
mode_s    TE011
omega    1.047509e+01
rtol    1e-3
sep    1e-3

m    overlap 
------------------------------------------------------------------------------

0.5  9.639994457798206e-05
1.3572088082974532  0.014428892985100373
3.6840314986403864  2.3805643739340576
9.999999999999998  1628.233929770042
27.144176165949055  170.72849149293992
73.68062997280772  158.73757297994976
199.99999999999991  25.07930847771975
