Ld    0.3
Ls    0.3
Rd    15.0
Rs    15.0
atol    1e-5
m_N    60
m_end    120
m_start    0.5
mode_d    TE011
mode_s    TE011
omega    1.047509e+01
rtol    1e-3
sep    1e-3

m    overlap 
------------------------------------------------------------------------------

0.5  9.639944256117055e-05
0.5486717094822531  0.00015346575995519213
0.602081289572356  0.00024433897080288234
0.660689940793888  0.00038906385117043723
0.7250037585062222  0.0006196084399302832
0.795578103121335  0.0009869320829837202
0.8730223957324623  0.0015723502166003283
0.9580053805656443  0.002505629873809788
1.3572088082974532  0.014428892985100373
3.6840314986403864  2.3805643739340576
7.999999999999998  209.5807808943052
8.783039946599207  419.81204049423326
9.642723837944676  1002.1093431482218
10.586553582836569  2862.2537794874484
11.62276537685832  542.5066064096873
12.760401574362103  341.7634498294212
14.009389595283722  267.49582416782135
15.38062855535603  230.17134955927932
16.88608437568706  208.49799772722497
18.538894201663023  194.7886838890911
20.353481042372856  185.59633727501847
22.345679630938807  179.15511803328226
24.532874604055475  174.4778901600649
26.93415220654106  170.97914804011486
29.57046684472918  168.29638498312124
32.464823942105475  166.19808884821853
35.64248069285285  164.52697393356544
39.1311664651522  163.1920958877489
42.96132477755688  162.10611606535218
47.166378960013056  161.22283236346473
51.78302381777888  160.50156178817707
