Ld    0.3
Ls    0.3
Rd    15.0
Rs    15.0
atol    1e-6
m_N    7
m_end    200
m_start    10
mode_d    TE011
mode_s    TE011
omega    1.047509e+01
rtol    1e-3
sep    1e-3

m    overlap 
------------------------------------------------------------------------------

10.000000000000002  1628.2339297700569
16.475489724420658  106.68769940347282
27.144176165949066  85.40418341955088
44.72135954999579  80.85928654833309
73.68062997280772  79.34850391552189
121.39244620058341  78.80360440188538
199.99999999999991  78.59703405248028
